2025-03-26 12:18:05,589 - INFO - Analyzing URL: https://google.com
2025-03-26 12:18:06,907 - INFO - Analysis complete for https://google.com - Risk level: Medium
2025-03-26 12:22:43,813 - INFO - Analyzing URL: https://google.com
2025-03-26 12:22:45,191 - INFO - Analysis complete for https://google.com - Risk level: Medium
2025-03-26 12:23:52,876 - INFO - Analyzing URL: https://www.google.co.in/
2025-03-26 12:23:54,503 - INFO - Analysis complete for https://www.google.co.in/ - Risk level: Medium
2025-03-26 12:23:54,504 - ERROR - Error analyzing URL: Object of type datetime is not JSON serializable
2025-03-26 12:23:59,838 - INFO - Analyzing URL: https://www.google.co.in
2025-03-26 12:24:01,364 - INFO - Analysis complete for https://www.google.co.in - Risk level: Medium
2025-03-26 12:24:01,369 - ERROR - Error analyzing URL: Object of type datetime is not JSON serializable
2025-03-26 12:24:59,050 - INFO - Analyzing URL: https://speehive.com
2025-03-26 12:25:00,290 - INFO - Analysis complete for https://speehive.com - Risk level: Low
2025-03-26 12:25:00,291 - ERROR - Error analyzing URL: Object of type datetime is not JSON serializable
2025-03-26 12:25:28,056 - INFO - Analyzing URL: https://google.com
2025-03-26 12:25:29,354 - INFO - Analysis complete for https://google.com - Risk level: Medium
2025-03-26 12:25:29,354 - ERROR - Error analyzing URL: Object of type datetime is not JSON serializable
2025-03-26 12:27:53,154 - INFO - Analyzing URL: https://google.com
2025-03-26 12:27:54,570 - INFO - Analysis complete for https://google.com - Risk level: Medium
2025-03-26 12:28:19,060 - INFO - Analyzing URL: https://google.com
2025-03-26 12:28:20,531 - INFO - Analysis complete for https://google.com - Risk level: Medium
2025-03-27 07:09:54,080 - INFO - Analyzing URL: https://google.com
2025-03-27 07:09:55,407 - INFO - Analysis complete for https://google.com - Risk level: Medium
2025-03-27 07:10:35,775 - INFO - Analyzing URL: https://flipkart.com
2025-03-27 07:10:53,094 - INFO - Analysis complete for https://flipkart.com - Risk level: Medium
2025-03-27 07:10:53,095 - INFO - Analyzing URL: https://flipkart.com
2025-03-27 07:11:10,274 - INFO - Analysis complete for https://flipkart.com - Risk level: Medium
2025-03-27 07:20:11,420 - INFO - Analyzing URL: https://speehive.com
2025-03-27 07:20:12,754 - INFO - Analysis complete for https://speehive.com - Risk level: Low
2025-03-27 07:21:31,385 - INFO - Analyzing URL: https://xvidoes.com
2025-03-27 07:21:34,132 - INFO - Analysis complete for https://xvidoes.com - Risk level: Safe
2025-03-27 07:22:02,251 - INFO - Analyzing URL: https://speehive.com
2025-03-27 07:22:03,378 - INFO - Analysis complete for https://speehive.com - Risk level: Low
2025-03-27 08:23:06,668 - INFO - Analyzing URL: https://google.com
2025-03-27 08:23:08,060 - INFO - Analysis complete for https://google.com - Risk level: Medium
2025-03-27 08:25:40,799 - INFO - Analyzing URL: https://google.com
2025-03-27 08:25:42,273 - INFO - Analysis complete for https://google.com - Risk level: Medium
2025-03-27 08:26:13,461 - INFO - Analyzing URL: https://speehive.com
2025-03-27 08:26:14,714 - INFO - Analysis complete for https://speehive.com - Risk level: Low
2025-03-27 08:56:02,272 - INFO - Analyzing URL: https://google.com
2025-03-27 08:56:03,709 - INFO - Analysis complete for https://google.com - Risk level: Medium
2025-03-27 08:57:22,928 - INFO - Analyzing URL: https://google.com
2025-03-27 08:57:24,977 - INFO - Analysis complete for https://google.com - Risk level: Medium
2025-03-27 08:57:40,590 - INFO - Analyzing URL: https://google.com
2025-03-27 08:57:41,961 - INFO - Analysis complete for https://google.com - Risk level: Medium
2025-03-27 08:58:08,291 - INFO - Analyzing URL: https://speehive.com
2025-03-27 08:58:09,426 - INFO - Analysis complete for https://speehive.com - Risk level: Low
2025-03-27 10:54:42,650 - INFO - [31m[1mWARNING: This is a development server. Do not use it in a production deployment. Use a production WSGI server instead.[0m
 * Running on all addresses (0.0.0.0)
 * Running on http://127.0.0.1:5000
 * Running on http://172.31.128.86:5000
2025-03-27 10:54:42,658 - INFO - [33mPress CTRL+C to quit[0m
2025-03-27 10:54:42,662 - INFO -  * Restarting with stat
2025-03-27 10:54:43,025 - WARNING -  * Debugger is active!
2025-03-27 10:54:43,039 - INFO -  * Debugger PIN: 123-066-509
2025-03-27 10:55:10,594 - INFO - [31m[1mWARNING: This is a development server. Do not use it in a production deployment. Use a production WSGI server instead.[0m
 * Running on all addresses (0.0.0.0)
 * Running on http://127.0.0.1:5000
 * Running on http://172.31.128.86:5000
2025-03-27 10:55:10,597 - INFO - [33mPress CTRL+C to quit[0m
2025-03-27 10:55:10,598 - INFO -  * Restarting with stat
2025-03-27 10:55:11,237 - WARNING -  * Debugger is active!
2025-03-27 10:55:11,239 - INFO -  * Debugger PIN: 991-835-221
2025-03-27 10:56:04,787 - INFO - [31m[1mWARNING: This is a development server. Do not use it in a production deployment. Use a production WSGI server instead.[0m
 * Running on all addresses (0.0.0.0)
 * Running on http://127.0.0.1:5000
 * Running on http://172.31.128.163:5000
2025-03-27 10:56:04,837 - INFO - [33mPress CTRL+C to quit[0m
2025-03-27 10:56:04,843 - INFO -  * Restarting with stat
2025-03-27 10:56:05,515 - WARNING -  * Debugger is active!
2025-03-27 10:56:05,519 - INFO -  * Debugger PIN: 460-284-241
2025-03-27 10:56:11,582 - INFO - 172.31.128.163 - - [27/Mar/2025 10:56:11] "GET / HTTP/1.1" 200 -
2025-03-27 10:56:24,221 - INFO - 172.31.128.163 - - [27/Mar/2025 10:56:24] "GET / HTTP/1.1" 200 -
2025-03-27 10:56:51,514 - INFO - 172.31.128.163 - - [27/Mar/2025 10:56:51] "GET / HTTP/1.1" 200 -
2025-03-27 10:56:57,603 - INFO - Analyzing URL: https://google.com
2025-03-27 10:56:59,092 - INFO - Analysis complete for https://google.com - Risk level: Medium
2025-03-27 10:56:59,093 - INFO - 172.31.128.163 - - [27/Mar/2025 10:56:59] "POST /analyze HTTP/1.1" 200 -
2025-03-27 10:57:14,549 - INFO - Analyzing URL: https://speehive.com
2025-03-27 10:57:15,711 - INFO - Analysis complete for https://speehive.com - Risk level: Low
2025-03-27 10:57:15,713 - INFO - 172.31.128.163 - - [27/Mar/2025 10:57:15] "POST /analyze HTTP/1.1" 200 -
2025-03-27 10:57:28,478 - INFO - 172.31.128.163 - - [27/Mar/2025 10:57:28] "GET /history HTTP/1.1" 200 -
2025-03-27 10:57:33,054 - INFO - 172.31.128.163 - - [27/Mar/2025 10:57:33] "GET /batch_analysis HTTP/1.1" 200 -
2025-03-27 10:58:08,466 - INFO - Analyzing URL: https://speehive.com
2025-03-27 10:58:08,539 - INFO - Analyzing URL: https://flipkart.com
2025-03-27 10:58:09,449 - INFO - Analyzing URL: https://amazon.com
2025-03-27 10:58:10,129 - INFO - Analysis complete for https://speehive.com - Risk level: Low
2025-03-27 10:58:10,130 - INFO - 172.31.128.163 - - [27/Mar/2025 10:58:10] "POST /analyze HTTP/1.1" 200 -
2025-03-27 10:58:11,007 - INFO - Analysis complete for https://amazon.com - Risk level: Low
2025-03-27 10:58:11,009 - INFO - 172.31.128.163 - - [27/Mar/2025 10:58:11] "POST /analyze HTTP/1.1" 200 -
2025-03-27 10:58:19,374 - INFO - Analyzing URL: https://speehive.com
2025-03-27 10:58:19,385 - INFO - Analyzing URL: https://flipkart.com
2025-03-27 10:58:20,347 - INFO - Analysis complete for https://speehive.com - Risk level: Low
2025-03-27 10:58:20,349 - INFO - 172.31.128.163 - - [27/Mar/2025 10:58:20] "POST /analyze HTTP/1.1" 200 -
2025-03-27 10:58:20,599 - INFO - Analyzing URL: https://amazon.com
2025-03-27 10:58:22,170 - INFO - Analysis complete for https://amazon.com - Risk level: Low
2025-03-27 10:58:22,171 - INFO - 172.31.128.163 - - [27/Mar/2025 10:58:22] "POST /analyze HTTP/1.1" 200 -
2025-03-27 10:58:25,868 - INFO - Analysis complete for https://flipkart.com - Risk level: Low
2025-03-27 10:58:25,869 - INFO - 172.31.128.163 - - [27/Mar/2025 10:58:25] "POST /analyze HTTP/1.1" 200 -
2025-03-27 10:58:34,430 - INFO - 172.31.128.163 - - [27/Mar/2025 10:58:34] "GET /about HTTP/1.1" 200 -
2025-03-27 10:58:36,664 - INFO - Analysis complete for https://flipkart.com - Risk level: Low
2025-03-27 10:58:36,665 - INFO - 172.31.128.163 - - [27/Mar/2025 10:58:36] "POST /analyze HTTP/1.1" 200 -
2025-03-27 10:58:46,501 - INFO - 172.31.128.163 - - [27/Mar/2025 10:58:46] "GET /api/docs HTTP/1.1" 200 -
2025-03-27 10:59:07,446 - INFO - 172.31.128.163 - - [27/Mar/2025 10:59:07] "GET / HTTP/1.1" 200 -
2025-03-27 11:00:17,793 - INFO - [31m[1mWARNING: This is a development server. Do not use it in a production deployment. Use a production WSGI server instead.[0m
 * Running on all addresses (0.0.0.0)
 * Running on http://127.0.0.1:5000
 * Running on http://172.31.128.163:5000
2025-03-27 11:00:17,793 - INFO - [33mPress CTRL+C to quit[0m
2025-03-27 11:00:17,794 - INFO -  * Restarting with stat
2025-03-27 11:00:18,467 - WARNING -  * Debugger is active!
2025-03-27 11:00:18,469 - INFO -  * Debugger PIN: 144-651-306
2025-03-27 11:00:18,666 - INFO - 172.31.128.163 - - [27/Mar/2025 11:00:18] "GET / HTTP/1.1" 200 -
2025-03-27 11:01:33,647 - INFO - Analyzing URL: https://google.com
2025-03-27 11:01:35,040 - INFO - Analysis complete for https://google.com - Risk level: Medium
2025-04-02 09:15:30,547 - INFO - Analyzing URL: https://google.com
2025-04-02 09:15:30,678 - ERROR - Error processing history file 20250326_122354_https_www_google_co_in_.json: Expecting value: line 1 column 430 (char 429)
2025-04-02 09:15:30,678 - ERROR - Error processing history file 20250326_122401_https_www_google_co_in.json: Expecting value: line 1 column 429 (char 428)
2025-04-02 09:15:30,678 - ERROR - Error processing history file 20250326_122500_https_speehive_com.json: Expecting value: line 1 column 422 (char 421)
2025-04-02 09:15:30,678 - ERROR - Error processing history file 20250326_122529_https_google_com.json: Expecting value: line 1 column 401 (char 400)
2025-04-02 09:15:31,745 - INFO - Analysis complete for https://google.com - Risk level: Medium
2025-04-02 09:15:31,936 - ERROR - Error processing history file 20250326_122354_https_www_google_co_in_.json: Expecting value: line 1 column 430 (char 429)
2025-04-02 09:15:31,938 - ERROR - Error processing history file 20250326_122401_https_www_google_co_in.json: Expecting value: line 1 column 429 (char 428)
2025-04-02 09:15:31,938 - ERROR - Error processing history file 20250326_122500_https_speehive_com.json: Expecting value: line 1 column 422 (char 421)
2025-04-02 09:15:31,939 - ERROR - Error processing history file 20250326_122529_https_google_com.json: Expecting value: line 1 column 401 (char 400)
2025-04-02 09:18:12,909 - INFO - Analyzing URL: https://google.com
2025-04-02 09:18:14,331 - INFO - Analysis complete for https://google.com - Risk level: Medium
2025-04-02 09:19:26,482 - INFO - Analyzing URL: https://google.com
2025-04-02 09:19:27,735 - INFO - Analysis complete for https://google.com - Risk level: Medium
2025-04-02 09:19:47,416 - INFO - Analyzing URL: https://amazon.com
2025-04-02 09:19:48,856 - INFO - Analysis complete for https://amazon.com - Risk level: Low
2025-04-02 09:20:27,171 - INFO - Analyzing URL: https://google.com
2025-04-02 09:20:28,367 - INFO - Analysis complete for https://google.com - Risk level: Medium
2025-04-02 09:20:28,369 - INFO - Analyzing URL: https://flipkart.com
2025-04-02 09:20:45,680 - INFO - Analysis complete for https://flipkart.com - Risk level: Medium
2025-04-02 09:21:13,443 - ERROR - Error processing history file 20250326_122354_https_www_google_co_in_.json: Expecting value: line 1 column 430 (char 429)
2025-04-02 09:21:13,443 - ERROR - Error processing history file 20250326_122401_https_www_google_co_in.json: Expecting value: line 1 column 429 (char 428)
2025-04-02 09:21:13,443 - ERROR - Error processing history file 20250326_122500_https_speehive_com.json: Expecting value: line 1 column 422 (char 421)
2025-04-02 09:21:13,443 - ERROR - Error processing history file 20250326_122529_https_google_com.json: Expecting value: line 1 column 401 (char 400)
2025-04-02 09:21:54,486 - ERROR - Error processing history file 20250326_122354_https_www_google_co_in_.json: Expecting value: line 1 column 430 (char 429)
2025-04-02 09:21:54,486 - ERROR - Error processing history file 20250326_122401_https_www_google_co_in.json: Expecting value: line 1 column 429 (char 428)
2025-04-02 09:21:54,486 - ERROR - Error processing history file 20250326_122500_https_speehive_com.json: Expecting value: line 1 column 422 (char 421)
2025-04-02 09:21:54,486 - ERROR - Error processing history file 20250326_122529_https_google_com.json: Expecting value: line 1 column 401 (char 400)
2025-04-02 09:29:00,363 - INFO - Analyzing URL: https://google.com
2025-04-02 09:29:01,663 - INFO - Analysis complete for https://google.com - Risk level: Medium
2025-04-02 09:29:34,977 - ERROR - Error processing history file 20250326_122354_https_www_google_co_in_.json: Expecting value: line 1 column 430 (char 429)
2025-04-02 09:29:34,977 - ERROR - Error processing history file 20250326_122401_https_www_google_co_in.json: Expecting value: line 1 column 429 (char 428)
2025-04-02 09:29:34,978 - ERROR - Error processing history file 20250326_122500_https_speehive_com.json: Expecting value: line 1 column 422 (char 421)
2025-04-02 09:29:34,978 - ERROR - Error processing history file 20250326_122529_https_google_com.json: Expecting value: line 1 column 401 (char 400)
2025-04-02 09:33:25,732 - INFO - Analyzing URL: https://google.com
2025-04-02 09:33:26,926 - INFO - Analysis complete for https://google.com - Risk level: Medium
2025-04-02 09:33:42,375 - INFO - Analyzing URL: https://google.com
2025-04-02 09:33:43,709 - INFO - Analysis complete for https://google.com - Risk level: Medium
2025-04-02 09:34:42,009 - INFO - Analyzing URL: https://google.com
2025-04-02 09:34:43,263 - INFO - Analysis complete for https://google.com - Risk level: Medium
2025-04-02 09:34:59,813 - INFO - Analyzing URL: https://amazon.com
2025-04-02 09:35:01,285 - INFO - Analysis complete for https://amazon.com - Risk level: Low
2025-04-02 09:35:37,698 - INFO - Analyzing URL: https://amazon.com
2025-04-02 09:35:39,005 - INFO - Analysis complete for https://amazon.com - Risk level: Low
2025-04-02 09:35:39,006 - INFO - Analyzing URL: https://myntra.com
2025-04-02 09:35:40,610 - INFO - Analysis complete for https://myntra.com - Risk level: Low
2025-04-02 09:35:52,760 - ERROR - Error processing history file 20250326_122354_https_www_google_co_in_.json: Expecting value: line 1 column 430 (char 429)
2025-04-02 09:35:52,760 - ERROR - Error processing history file 20250326_122401_https_www_google_co_in.json: Expecting value: line 1 column 429 (char 428)
2025-04-02 09:35:52,760 - ERROR - Error processing history file 20250326_122500_https_speehive_com.json: Expecting value: line 1 column 422 (char 421)
2025-04-02 09:35:52,760 - ERROR - Error processing history file 20250326_122529_https_google_com.json: Expecting value: line 1 column 401 (char 400)
2025-04-02 12:34:30,449 - INFO - Analyzing URL: https://google.com
2025-04-02 12:34:32,009 - INFO - Analysis complete for https://google.com - Risk level: Medium
2025-04-02 12:35:19,585 - INFO - Analyzing URL: https://asana.com
2025-04-02 12:35:21,147 - INFO - Analysis complete for https://asana.com - Risk level: Low
2025-04-02 12:35:21,149 - INFO - Analyzing URL: https://myntra.com
2025-04-02 12:35:22,745 - INFO - Analysis complete for https://myntra.com - Risk level: Low
2025-04-02 12:35:22,747 - INFO - Analyzing URL: https://flipkart.com
2025-04-02 12:35:39,958 - INFO - Analysis complete for https://flipkart.com - Risk level: Medium
2025-04-02 12:35:45,239 - ERROR - Error processing history file 20250326_122354_https_www_google_co_in_.json: Expecting value: line 1 column 430 (char 429)
2025-04-02 12:35:45,239 - ERROR - Error processing history file 20250326_122401_https_www_google_co_in.json: Expecting value: line 1 column 429 (char 428)
2025-04-02 12:35:45,245 - ERROR - Error processing history file 20250326_122500_https_speehive_com.json: Expecting value: line 1 column 422 (char 421)
2025-04-02 12:35:45,245 - ERROR - Error processing history file 20250326_122529_https_google_com.json: Expecting value: line 1 column 401 (char 400)
2025-04-03 05:13:20,582 - INFO - Analyzing URL: https://google.com
2025-04-03 05:13:21,879 - INFO - Analysis complete for https://google.com - Risk level: Medium
2025-04-03 05:13:58,084 - ERROR - Error processing history file 20250326_122354_https_www_google_co_in_.json: Expecting value: line 1 column 430 (char 429)
2025-04-03 05:13:58,085 - ERROR - Error processing history file 20250326_122401_https_www_google_co_in.json: Expecting value: line 1 column 429 (char 428)
2025-04-03 05:13:58,085 - ERROR - Error processing history file 20250326_122500_https_speehive_com.json: Expecting value: line 1 column 422 (char 421)
2025-04-03 05:13:58,085 - ERROR - Error processing history file 20250326_122529_https_google_com.json: Expecting value: line 1 column 401 (char 400)
2025-04-03 05:20:39,964 - INFO - Analyzing URL: https://google.com
2025-04-03 05:20:41,339 - INFO - Analysis complete for https://google.com - Risk level: Medium
2025-04-03 05:21:00,114 - ERROR - Error processing history file 20250326_122354_https_www_google_co_in_.json: Expecting value: line 1 column 430 (char 429)
2025-04-03 05:21:00,114 - ERROR - Error processing history file 20250326_122401_https_www_google_co_in.json: Expecting value: line 1 column 429 (char 428)
2025-04-03 05:21:00,114 - ERROR - Error processing history file 20250326_122500_https_speehive_com.json: Expecting value: line 1 column 422 (char 421)
2025-04-03 05:21:00,115 - ERROR - Error processing history file 20250326_122529_https_google_com.json: Expecting value: line 1 column 401 (char 400)
2025-04-03 05:21:40,089 - ERROR - Error processing history file 20250326_122354_https_www_google_co_in_.json: Expecting value: line 1 column 430 (char 429)
2025-04-03 05:21:40,090 - ERROR - Error processing history file 20250326_122401_https_www_google_co_in.json: Expecting value: line 1 column 429 (char 428)
2025-04-03 05:21:40,090 - ERROR - Error processing history file 20250326_122500_https_speehive_com.json: Expecting value: line 1 column 422 (char 421)
2025-04-03 05:21:40,090 - ERROR - Error processing history file 20250326_122529_https_google_com.json: Expecting value: line 1 column 401 (char 400)
2025-04-03 05:32:52,358 - INFO - Analyzing URL: https://google.com
2025-04-03 05:32:53,634 - INFO - Analysis complete for https://google.com - Risk level: Medium
2025-04-03 05:34:34,512 - ERROR - Error processing history file 20250326_122354_https_www_google_co_in_.json: Expecting value: line 1 column 430 (char 429)
2025-04-03 05:34:34,512 - ERROR - Error processing history file 20250326_122401_https_www_google_co_in.json: Expecting value: line 1 column 429 (char 428)
2025-04-03 05:34:34,513 - ERROR - Error processing history file 20250326_122500_https_speehive_com.json: Expecting value: line 1 column 422 (char 421)
2025-04-03 05:34:34,513 - ERROR - Error processing history file 20250326_122529_https_google_com.json: Expecting value: line 1 column 401 (char 400)
2025-04-03 05:34:44,770 - ERROR - Error processing history file 20250326_122354_https_www_google_co_in_.json: Expecting value: line 1 column 430 (char 429)
2025-04-03 05:34:44,770 - ERROR - Error processing history file 20250326_122401_https_www_google_co_in.json: Expecting value: line 1 column 429 (char 428)
2025-04-03 05:34:44,771 - ERROR - Error processing history file 20250326_122500_https_speehive_com.json: Expecting value: line 1 column 422 (char 421)
2025-04-03 05:34:44,771 - ERROR - Error processing history file 20250326_122529_https_google_com.json: Expecting value: line 1 column 401 (char 400)
2025-04-03 05:36:52,236 - ERROR - Error processing history file 20250326_122354_https_www_google_co_in_.json: Expecting value: line 1 column 430 (char 429)
2025-04-03 05:36:52,236 - ERROR - Error processing history file 20250326_122401_https_www_google_co_in.json: Expecting value: line 1 column 429 (char 428)
2025-04-03 05:36:52,236 - ERROR - Error processing history file 20250326_122500_https_speehive_com.json: Expecting value: line 1 column 422 (char 421)
2025-04-03 05:36:52,236 - ERROR - Error processing history file 20250326_122529_https_google_com.json: Expecting value: line 1 column 401 (char 400)
2025-04-03 05:38:12,851 - INFO - Analyzing URL: https://myntra.com
2025-04-03 05:38:14,464 - INFO - Analysis complete for https://myntra.com - Risk level: Low
2025-04-03 05:38:29,458 - INFO - Analyzing URL: https://flipkart.com
2025-04-03 05:38:46,683 - INFO - Analysis complete for https://flipkart.com - Risk level: Medium
2025-04-03 05:40:09,823 - ERROR - Exception on /history [GET]
Traceback (most recent call last):
  File "/home/runner/workspace/.pythonlibs/lib/python3.11/site-packages/flask/app.py", line 1511, in wsgi_app
    response = self.full_dispatch_request()
               ^^^^^^^^^^^^^^^^^^^^^^^^^^^^
  File "/home/runner/workspace/.pythonlibs/lib/python3.11/site-packages/flask/app.py", line 919, in full_dispatch_request
    rv = self.handle_user_exception(e)
         ^^^^^^^^^^^^^^^^^^^^^^^^^^^^^
  File "/home/runner/workspace/.pythonlibs/lib/python3.11/site-packages/flask/app.py", line 917, in full_dispatch_request
    rv = self.dispatch_request()
         ^^^^^^^^^^^^^^^^^^^^^^^
  File "/home/runner/workspace/.pythonlibs/lib/python3.11/site-packages/flask/app.py", line 902, in dispatch_request
    return self.ensure_sync(self.view_functions[rule.endpoint])(**view_args)  # type: ignore[no-any-return]
           ^^^^^^^^^^^^^^^^^^^^^^^^^^^^^^^^^^^^^^^^^^^^^^^^^^^^^^^^^^^^^^^^^
  File "/home/runner/workspace/main.py", line 109, in history
    return render_template('history.html', history=history_data)
           ^^^^^^^^^^^^^^^^^^^^^^^^^^^^^^^^^^^^^^^^^^^^^^^^^^^^^
  File "/home/runner/workspace/.pythonlibs/lib/python3.11/site-packages/flask/templating.py", line 150, in render_template
    return _render(app, template, context)
           ^^^^^^^^^^^^^^^^^^^^^^^^^^^^^^^
  File "/home/runner/workspace/.pythonlibs/lib/python3.11/site-packages/flask/templating.py", line 131, in _render
    rv = template.render(context)
         ^^^^^^^^^^^^^^^^^^^^^^^^
  File "/home/runner/workspace/.pythonlibs/lib/python3.11/site-packages/jinja2/environment.py", line 1295, in render
    self.environment.handle_exception()
  File "/home/runner/workspace/.pythonlibs/lib/python3.11/site-packages/jinja2/environment.py", line 942, in handle_exception
    raise rewrite_traceback_stack(source=source)
  File "/home/runner/workspace/templates/history.html", line 254, in top-level template code
    {% for finding in item.pattern_analysis.findings %}
    ^^^^^^^^^^^^^^^^^^^^^^^^^
  File "/home/runner/workspace/.pythonlibs/lib/python3.11/site-packages/jinja2/environment.py", line 490, in getattr
    return getattr(obj, attribute)
           ^^^^^^^^^^^^^^^^^^^^^^^
jinja2.exceptions.UndefinedError: 'dict object' has no attribute 'pattern_analysis'
2025-04-03 05:40:43,049 - INFO - Analyzing URL: https://flipkart.com
2025-04-03 05:41:00,267 - INFO - Analysis complete for https://flipkart.com - Risk level: Medium
2025-04-03 05:41:00,269 - INFO - Analyzing URL: https://google.com
2025-04-03 05:41:01,582 - INFO - Analysis complete for https://google.com - Risk level: Medium
2025-04-03 05:41:13,804 - ERROR - Error processing history file 20250326_122354_https_www_google_co_in_.json: Expecting value: line 1 column 430 (char 429)
2025-04-03 05:41:13,807 - ERROR - Error processing history file 20250326_122401_https_www_google_co_in.json: Expecting value: line 1 column 429 (char 428)
2025-04-03 05:41:13,807 - ERROR - Error processing history file 20250326_122500_https_speehive_com.json: Expecting value: line 1 column 422 (char 421)
2025-04-03 05:41:13,811 - ERROR - Error processing history file 20250326_122529_https_google_com.json: Expecting value: line 1 column 401 (char 400)
2025-04-03 05:42:10,689 - ERROR - Exception on /history [GET]
Traceback (most recent call last):
  File "/home/runner/workspace/.pythonlibs/lib/python3.11/site-packages/flask/app.py", line 1511, in wsgi_app
    response = self.full_dispatch_request()
               ^^^^^^^^^^^^^^^^^^^^^^^^^^^^
  File "/home/runner/workspace/.pythonlibs/lib/python3.11/site-packages/flask/app.py", line 919, in full_dispatch_request
    rv = self.handle_user_exception(e)
         ^^^^^^^^^^^^^^^^^^^^^^^^^^^^^
  File "/home/runner/workspace/.pythonlibs/lib/python3.11/site-packages/flask/app.py", line 917, in full_dispatch_request
    rv = self.dispatch_request()
         ^^^^^^^^^^^^^^^^^^^^^^^
  File "/home/runner/workspace/.pythonlibs/lib/python3.11/site-packages/flask/app.py", line 902, in dispatch_request
    return self.ensure_sync(self.view_functions[rule.endpoint])(**view_args)  # type: ignore[no-any-return]
           ^^^^^^^^^^^^^^^^^^^^^^^^^^^^^^^^^^^^^^^^^^^^^^^^^^^^^^^^^^^^^^^^^
  File "/home/runner/workspace/main.py", line 109, in history
    return render_template('history.html', history=history_data)
           ^^^^^^^^^^^^^^^^^^^^^^^^^^^^^^^^^^^^^^^^^^^^^^^^^^^^^
  File "/home/runner/workspace/.pythonlibs/lib/python3.11/site-packages/flask/templating.py", line 150, in render_template
    return _render(app, template, context)
           ^^^^^^^^^^^^^^^^^^^^^^^^^^^^^^^
  File "/home/runner/workspace/.pythonlibs/lib/python3.11/site-packages/flask/templating.py", line 131, in _render
    rv = template.render(context)
         ^^^^^^^^^^^^^^^^^^^^^^^^
  File "/home/runner/workspace/.pythonlibs/lib/python3.11/site-packages/jinja2/environment.py", line 1295, in render
    self.environment.handle_exception()
  File "/home/runner/workspace/.pythonlibs/lib/python3.11/site-packages/jinja2/environment.py", line 942, in handle_exception
    raise rewrite_traceback_stack(source=source)
  File "/home/runner/workspace/templates/history.html", line 254, in top-level template code
    {% for finding in item.pattern_analysis.findings %}
    ^^^^^^^^^^^^^^^^^^^^^^^^^
  File "/home/runner/workspace/.pythonlibs/lib/python3.11/site-packages/jinja2/environment.py", line 490, in getattr
    return getattr(obj, attribute)
           ^^^^^^^^^^^^^^^^^^^^^^^
jinja2.exceptions.UndefinedError: 'dict object' has no attribute 'pattern_analysis'
2025-04-03 05:46:11,171 - ERROR - Error processing history file 20250326_122354_https_www_google_co_in_.json: Expecting value: line 1 column 430 (char 429)
2025-04-03 05:46:11,171 - ERROR - Error processing history file 20250326_122401_https_www_google_co_in.json: Expecting value: line 1 column 429 (char 428)
2025-04-03 05:46:11,171 - ERROR - Error processing history file 20250326_122500_https_speehive_com.json: Expecting value: line 1 column 422 (char 421)
2025-04-03 05:46:11,172 - ERROR - Error processing history file 20250326_122529_https_google_com.json: Expecting value: line 1 column 401 (char 400)
2025-04-03 05:47:25,144 - INFO - Analyzing URL: https://myntra.com
2025-04-03 05:47:26,509 - INFO - Analysis complete for https://myntra.com - Risk level: Low
2025-04-03 05:47:39,450 - INFO - Analyzing URL: https://google.com
2025-04-03 05:47:40,745 - INFO - Analysis complete for https://google.com - Risk level: Medium
2025-04-03 05:49:53,187 - INFO - Analyzing URL: https://google.com
2025-04-03 05:49:54,560 - INFO - Analysis complete for https://google.com - Risk level: Medium
2025-04-03 05:49:54,562 - INFO - Analyzing URL: https://amazon.com
2025-04-03 05:49:56,235 - INFO - Analysis complete for https://amazon.com - Risk level: Low
2025-04-03 05:49:56,237 - INFO - Analyzing URL: https://flipkart.com
2025-04-03 05:50:13,573 - INFO - Analysis complete for https://flipkart.com - Risk level: Medium
2025-04-03 05:50:30,256 - ERROR - Error processing history file 20250326_122354_https_www_google_co_in_.json: Expecting value: line 1 column 430 (char 429)
2025-04-03 05:50:30,257 - ERROR - Error processing history file 20250326_122401_https_www_google_co_in.json: Expecting value: line 1 column 429 (char 428)
2025-04-03 05:50:30,258 - ERROR - Error processing history file 20250326_122500_https_speehive_com.json: Expecting value: line 1 column 422 (char 421)
2025-04-03 05:50:30,258 - ERROR - Error processing history file 20250326_122529_https_google_com.json: Expecting value: line 1 column 401 (char 400)
2025-04-03 09:58:19,457 - INFO - Analyzing URL: https://google.com
2025-04-03 09:58:20,846 - INFO - Analysis complete for https://google.com - Risk level: Medium
2025-04-03 09:59:31,099 - INFO - Analyzing URL: https://speehive.com
2025-04-03 09:59:32,319 - INFO - Analysis complete for https://speehive.com - Risk level: Low
2025-04-03 10:00:04,340 - ERROR - Error exporting URL report: send_file() got an unexpected keyword argument 'attachment_filename'
2025-04-03 10:00:59,192 - INFO - Analyzing URL: https://google.com
2025-04-03 10:01:00,538 - INFO - Analysis complete for https://google.com - Risk level: Medium
2025-04-03 10:01:22,519 - INFO - Analyzing URL: https://myntra.com
2025-04-03 10:01:25,226 - INFO - Analysis complete for https://myntra.com - Risk level: Low
2025-04-03 10:01:40,352 - ERROR - Error processing history file 20250326_122354_https_www_google_co_in_.json: Expecting value: line 1 column 430 (char 429)
2025-04-03 10:01:40,352 - ERROR - Error processing history file 20250326_122401_https_www_google_co_in.json: Expecting value: line 1 column 429 (char 428)
2025-04-03 10:01:40,353 - ERROR - Error processing history file 20250326_122500_https_speehive_com.json: Expecting value: line 1 column 422 (char 421)
2025-04-03 10:01:40,353 - ERROR - Error processing history file 20250326_122529_https_google_com.json: Expecting value: line 1 column 401 (char 400)
2025-04-03 10:05:46,475 - INFO - Analyzing URL: https://google.com
2025-04-03 10:05:47,775 - INFO - Analysis complete for https://google.com - Risk level: Medium
2025-04-03 10:06:24,950 - INFO - Analyzing URL: https://myntra.com
2025-04-03 10:06:26,900 - INFO - Analysis complete for https://myntra.com - Risk level: Low
2025-04-03 10:08:41,207 - INFO - Analyzing URL: https://google.com
2025-04-03 10:08:42,456 - INFO - Analysis complete for https://google.com - Risk level: Medium
2025-04-03 10:09:59,759 - INFO - Analyzing URL: https://youtube.com
2025-04-03 10:10:01,565 - INFO - Analysis complete for https://youtube.com - Risk level: Low
2025-04-03 10:18:00,175 - INFO - Analyzing URL: https://google.com
2025-04-03 10:18:01,672 - INFO - Analysis complete for https://google.com - Risk level: Medium
2025-04-03 10:18:20,878 - INFO - Analyzing URL: https://facebook.com
2025-04-03 10:18:22,559 - INFO - Analysis complete for https://facebook.com - Risk level: Low
2025-04-03 10:20:55,882 - INFO - Analyzing URL: https://amazon.com
2025-04-03 10:20:57,620 - INFO - Analysis complete for https://amazon.com - Risk level: Low
2025-04-03 10:20:57,624 - INFO - Analyzing URL: https://myntra.com
2025-04-03 10:20:58,874 - INFO - Analysis complete for https://myntra.com - Risk level: Low
2025-04-03 10:20:58,880 - INFO - Analyzing URL: https://youtube.com
2025-04-03 10:21:00,254 - INFO - Analysis complete for https://youtube.com - Risk level: Low
2025-04-03 10:21:26,269 - ERROR - Error processing history file 20250326_122354_https_www_google_co_in_.json: Expecting value: line 1 column 430 (char 429)
2025-04-03 10:21:26,269 - ERROR - Error processing history file 20250326_122401_https_www_google_co_in.json: Expecting value: line 1 column 429 (char 428)
2025-04-03 10:21:26,270 - ERROR - Error processing history file 20250326_122500_https_speehive_com.json: Expecting value: line 1 column 422 (char 421)
2025-04-03 10:21:26,270 - ERROR - Error processing history file 20250326_122529_https_google_com.json: Expecting value: line 1 column 401 (char 400)
2025-04-07 05:12:21,710 - INFO - [31m[1mWARNING: This is a development server. Do not use it in a production deployment. Use a production WSGI server instead.[0m
 * Running on all addresses (0.0.0.0)
 * Running on http://127.0.0.1:5000
 * Running on http://172.31.128.37:5000
2025-04-07 05:12:21,718 - INFO - [33mPress CTRL+C to quit[0m
2025-04-07 05:12:21,722 - INFO -  * Restarting with stat
2025-04-07 05:12:22,978 - WARNING -  * Debugger is active!
2025-04-07 05:12:22,981 - INFO -  * Debugger PIN: 233-130-312
2025-04-07 05:18:22,325 - INFO -  * Detected change in '/home/runner/workspace/main.py', reloading
2025-04-07 05:18:22,627 - INFO -  * Restarting with stat
2025-04-07 05:18:23,899 - INFO - Created default config at config/email_scanner_config.json. Please update with your details.
2025-04-07 05:18:23,935 - WARNING -  * Debugger is active!
2025-04-07 05:18:23,937 - INFO -  * Debugger PIN: 446-882-276
2025-04-07 05:18:30,180 - INFO -  * Detected change in '/home/runner/workspace/main.py', reloading
2025-04-07 05:18:30,455 - INFO -  * Restarting with stat
2025-04-07 05:18:31,777 - WARNING -  * Debugger is active!
2025-04-07 05:18:31,785 - INFO -  * Debugger PIN: 115-125-660
2025-04-07 05:18:50,444 - INFO -  * Detected change in '/home/runner/workspace/main.py', reloading
2025-04-07 05:18:50,611 - INFO -  * Restarting with stat
2025-04-07 05:18:51,626 - WARNING -  * Debugger is active!
2025-04-07 05:18:51,628 - INFO -  * Debugger PIN: 100-555-821
2025-04-07 05:25:29,936 - INFO - Analyzing URL: https://google.com
2025-04-07 05:25:31,276 - INFO - Analysis complete for https://google.com - Risk level: Medium
2025-04-07 05:26:18,542 - INFO - Analyzing URL: https://google.com
2025-04-07 05:26:19,939 - INFO - Analysis complete for https://google.com - Risk level: Medium
2025-04-07 05:27:29,758 - INFO -  * Detected change in '/home/runner/workspace/main.py', reloading
2025-04-07 05:27:29,966 - INFO -  * Restarting with stat
2025-04-07 05:27:31,032 - WARNING -  * Debugger is active!
2025-04-07 05:27:31,037 - INFO -  * Debugger PIN: 167-960-246
2025-04-07 05:27:57,589 - INFO - [31m[1mWARNING: This is a development server. Do not use it in a production deployment. Use a production WSGI server instead.[0m
 * Running on all addresses (0.0.0.0)
 * Running on http://127.0.0.1:5001
 * Running on http://172.31.128.37:5001
2025-04-07 05:27:57,589 - INFO - [33mPress CTRL+C to quit[0m
2025-04-07 05:27:57,590 - INFO -  * Restarting with stat
2025-04-07 05:27:58,558 - WARNING -  * Debugger is active!
2025-04-07 05:27:58,560 - INFO -  * Debugger PIN: 125-681-783
2025-04-07 05:28:21,334 - INFO - [31m[1mWARNING: This is a development server. Do not use it in a production deployment. Use a production WSGI server instead.[0m
 * Running on all addresses (0.0.0.0)
 * Running on http://127.0.0.1:5001
 * Running on http://172.31.128.37:5001
2025-04-07 05:28:21,334 - INFO - [33mPress CTRL+C to quit[0m
2025-04-07 05:28:21,335 - INFO -  * Restarting with stat
2025-04-07 05:28:22,315 - WARNING -  * Debugger is active!
2025-04-07 05:28:22,317 - INFO -  * Debugger PIN: 262-611-560
2025-04-07 05:28:38,795 - INFO - Analyzing URL: https://google.com
2025-04-07 05:28:40,126 - INFO - Analysis complete for https://google.com - Risk level: Medium
2025-04-07 05:28:43,771 - INFO - [31m[1mWARNING: This is a development server. Do not use it in a production deployment. Use a production WSGI server instead.[0m
 * Running on all addresses (0.0.0.0)
 * Running on http://127.0.0.1:5001
 * Running on http://172.31.128.37:5001
2025-04-07 05:28:43,771 - INFO - [33mPress CTRL+C to quit[0m
2025-04-07 05:28:43,772 - INFO -  * Restarting with stat
2025-04-07 05:28:44,622 - WARNING -  * Debugger is active!
2025-04-07 05:28:44,624 - INFO -  * Debugger PIN: 125-945-679
2025-04-07 05:29:01,574 - INFO - Analyzing URL: https://google.com
2025-04-07 05:29:02,923 - INFO - Analysis complete for https://google.com - Risk level: Medium
2025-04-07 05:31:44,507 - INFO - [31m[1mWARNING: This is a development server. Do not use it in a production deployment. Use a production WSGI server instead.[0m
 * Running on all addresses (0.0.0.0)
 * Running on http://127.0.0.1:5001
 * Running on http://172.31.128.37:5001
2025-04-07 05:31:44,507 - INFO - [33mPress CTRL+C to quit[0m
2025-04-07 05:31:44,508 - INFO -  * Restarting with stat
2025-04-07 05:31:45,632 - WARNING -  * Debugger is active!
2025-04-07 05:31:45,635 - INFO -  * Debugger PIN: 107-012-050
2025-04-07 05:32:39,287 - INFO - Analyzing URL: https://google.com
2025-04-07 05:32:40,561 - INFO - Analysis complete for https://google.com - Risk level: Medium
2025-04-07 05:32:47,304 - INFO - [31m[1mWARNING: This is a development server. Do not use it in a production deployment. Use a production WSGI server instead.[0m
 * Running on all addresses (0.0.0.0)
 * Running on http://127.0.0.1:5001
 * Running on http://172.31.128.37:5001
2025-04-07 05:32:47,304 - INFO - [33mPress CTRL+C to quit[0m
2025-04-07 05:32:47,305 - INFO -  * Restarting with stat
2025-04-07 05:32:47,711 - WARNING -  * Debugger is active!
2025-04-07 05:32:47,714 - INFO -  * Debugger PIN: 150-305-117
2025-04-07 05:33:19,371 - INFO -  * Detected change in '/home/runner/workspace/standalone_server.py', reloading
2025-04-07 05:33:19,592 - INFO -  * Restarting with stat
2025-04-07 05:33:20,644 - WARNING -  * Debugger is active!
2025-04-07 05:33:20,647 - INFO -  * Debugger PIN: 802-421-648
2025-04-07 05:33:33,700 - INFO - [31m[1mWARNING: This is a development server. Do not use it in a production deployment. Use a production WSGI server instead.[0m
 * Running on all addresses (0.0.0.0)
 * Running on http://127.0.0.1:5001
 * Running on http://172.31.128.37:5001
2025-04-07 05:33:33,700 - INFO - [33mPress CTRL+C to quit[0m
2025-04-07 05:33:33,701 - INFO -  * Restarting with stat
2025-04-07 05:33:34,182 - WARNING -  * Debugger is active!
2025-04-07 05:33:34,185 - INFO -  * Debugger PIN: 127-927-211
2025-04-07 05:33:57,695 - INFO - Analyzing URL: https://google.com
2025-04-07 05:33:59,108 - INFO - Analysis complete for https://google.com - Risk level: Medium
2025-04-07 05:35:16,254 - INFO - [31m[1mWARNING: This is a development server. Do not use it in a production deployment. Use a production WSGI server instead.[0m
 * Running on all addresses (0.0.0.0)
 * Running on http://127.0.0.1:5001
 * Running on http://172.31.128.37:5001
2025-04-07 05:35:16,254 - INFO - [33mPress CTRL+C to quit[0m
2025-04-07 05:35:16,256 - INFO -  * Restarting with stat
2025-04-07 05:35:17,272 - WARNING -  * Debugger is active!
2025-04-07 05:35:17,274 - INFO -  * Debugger PIN: 483-418-466
2025-04-07 05:38:11,155 - INFO - [31m[1mWARNING: This is a development server. Do not use it in a production deployment. Use a production WSGI server instead.[0m
 * Running on all addresses (0.0.0.0)
 * Running on http://127.0.0.1:5001
 * Running on http://172.31.128.37:5001
2025-04-07 05:38:11,155 - INFO - [33mPress CTRL+C to quit[0m
2025-04-07 05:38:11,156 - INFO -  * Restarting with stat
2025-04-07 05:38:11,701 - WARNING -  * Debugger is active!
2025-04-07 05:38:11,707 - INFO -  * Debugger PIN: 144-846-162
2025-04-07 05:39:23,244 - INFO - Analyzing URL: https://google.com
2025-04-07 05:39:24,673 - INFO - Analysis complete for https://google.com - Risk level: Medium
2025-04-07 05:39:28,384 - INFO - Analyzing URL: https://google.com
2025-04-07 05:39:29,813 - INFO - Analysis complete for https://google.com - Risk level: Medium
2025-04-07 05:39:35,263 - INFO - [31m[1mWARNING: This is a development server. Do not use it in a production deployment. Use a production WSGI server instead.[0m
 * Running on all addresses (0.0.0.0)
 * Running on http://127.0.0.1:5001
 * Running on http://172.31.128.37:5001
2025-04-07 05:39:35,263 - INFO - [33mPress CTRL+C to quit[0m
2025-04-07 05:39:35,264 - INFO -  * Restarting with stat
2025-04-07 05:39:35,740 - WARNING -  * Debugger is active!
2025-04-07 05:39:35,742 - INFO -  * Debugger PIN: 185-156-937
2025-04-07 05:40:35,554 - INFO -  * Detected change in '/home/runner/workspace/standalone_server.py', reloading
2025-04-07 05:40:35,676 - INFO -  * Restarting with stat
2025-04-07 05:40:36,614 - WARNING -  * Debugger is active!
2025-04-07 05:40:36,617 - INFO -  * Debugger PIN: 105-392-278
2025-04-07 05:41:16,665 - INFO -  * Detected change in '/home/runner/workspace/create_shell_script.py', reloading
2025-04-07 05:41:16,766 - INFO -  * Restarting with stat
2025-04-07 05:41:17,644 - WARNING -  * Debugger is active!
2025-04-07 05:41:17,646 - INFO -  * Debugger PIN: 332-992-927
2025-04-07 05:41:40,504 - INFO -  * Detected change in '/home/runner/workspace/run_speedefender_5001.py', reloading
2025-04-07 05:41:40,623 - INFO -  * Restarting with stat
2025-04-07 05:41:41,503 - WARNING -  * Debugger is active!
2025-04-07 05:41:41,506 - INFO -  * Debugger PIN: 137-767-096
2025-04-07 05:41:55,398 - INFO -  * Detected change in '/home/runner/workspace/run_speedefender_5001.py', reloading
2025-04-07 05:41:55,521 - INFO -  * Restarting with stat
2025-04-07 05:41:56,670 - WARNING -  * Debugger is active!
2025-04-07 05:41:56,673 - INFO -  * Debugger PIN: 898-244-243
2025-04-07 05:42:10,677 - INFO -  * Detected change in '/home/runner/workspace/run_speedefender_5001.py', reloading
2025-04-07 05:42:10,773 - INFO -  * Restarting with stat
2025-04-07 05:42:11,626 - WARNING -  * Debugger is active!
2025-04-07 05:42:11,628 - INFO -  * Debugger PIN: 134-186-531
2025-04-07 05:42:25,530 - INFO -  * Detected change in '/home/runner/workspace/run_speedefender_5001.py', reloading
2025-04-07 05:42:25,666 - INFO -  * Restarting with stat
2025-04-07 05:42:26,709 - WARNING -  * Debugger is active!
2025-04-07 05:42:26,711 - INFO -  * Debugger PIN: 114-133-293
2025-04-07 05:42:47,516 - INFO -  * Detected change in '/home/runner/workspace/run_speedefender_5001.py', reloading
2025-04-07 05:42:47,636 - INFO -  * Restarting with stat
2025-04-07 05:42:48,651 - WARNING -  * Debugger is active!
2025-04-07 05:42:48,653 - INFO -  * Debugger PIN: 112-980-548
2025-04-07 05:43:01,700 - INFO -  * Detected change in '/home/runner/workspace/update_readme.py', reloading
2025-04-07 05:43:01,809 - INFO -  * Restarting with stat
2025-04-07 05:43:02,771 - WARNING -  * Debugger is active!
2025-04-07 05:43:02,773 - INFO -  * Debugger PIN: 773-370-739
2025-04-07 05:44:00,812 - INFO - [31m[1mWARNING: This is a development server. Do not use it in a production deployment. Use a production WSGI server instead.[0m
 * Running on all addresses (0.0.0.0)
 * Running on http://127.0.0.1:5001
 * Running on http://172.31.128.37:5001
2025-04-07 05:44:00,813 - INFO - [33mPress CTRL+C to quit[0m
2025-04-07 05:44:00,814 - INFO -  * Restarting with stat
2025-04-07 05:44:21,390 - INFO - Analyzing URL: https://google.com
2025-04-07 05:44:22,786 - INFO - Analysis complete for https://google.com - Risk level: Medium
2025-04-07 05:44:35,818 - INFO - [31m[1mWARNING: This is a development server. Do not use it in a production deployment. Use a production WSGI server instead.[0m
 * Running on all addresses (0.0.0.0)
 * Running on http://127.0.0.1:5001
 * Running on http://172.31.128.37:5001
2025-04-07 05:44:35,818 - INFO - [33mPress CTRL+C to quit[0m
2025-04-07 05:44:35,819 - INFO -  * Restarting with stat
2025-04-07 05:46:04,602 - INFO - [31m[1mWARNING: This is a development server. Do not use it in a production deployment. Use a production WSGI server instead.[0m
 * Running on all addresses (0.0.0.0)
 * Running on http://127.0.0.1:5001
 * Running on http://172.31.128.37:5001
2025-04-07 05:46:04,603 - INFO - [33mPress CTRL+C to quit[0m
2025-04-07 05:46:04,604 - INFO -  * Restarting with stat
2025-04-07 05:46:33,255 - INFO -  * Detected change in '/home/runner/workspace/standalone_server.py', reloading
2025-04-07 05:46:33,353 - INFO -  * Restarting with stat
2025-04-07 05:46:34,237 - WARNING -  * Debugger is active!
2025-04-07 05:46:34,240 - INFO -  * Debugger PIN: 596-152-669
2025-04-07 05:46:47,020 - INFO - [31m[1mWARNING: This is a development server. Do not use it in a production deployment. Use a production WSGI server instead.[0m
 * Running on all addresses (0.0.0.0)
 * Running on http://127.0.0.1:5001
 * Running on http://172.31.128.37:5001
2025-04-07 05:46:47,020 - INFO - [33mPress CTRL+C to quit[0m
2025-04-07 05:48:01,004 - INFO - Analyzing URL: https://google.com
2025-04-07 05:48:02,407 - INFO - Analysis complete for https://google.com - Risk level: Medium
2025-04-07 06:00:42,639 - INFO - Analyzing URL: https://google.com
2025-04-07 06:00:44,054 - INFO - Analysis complete for https://google.com - Risk level: Medium
2025-04-07 06:38:25,914 - ERROR - Error processing history file 20250326_122354_https_www_google_co_in_.json: Expecting value: line 1 column 430 (char 429)
2025-04-07 06:38:25,922 - ERROR - Error processing history file 20250326_122401_https_www_google_co_in.json: Expecting value: line 1 column 429 (char 428)
2025-04-07 06:38:25,922 - ERROR - Error processing history file 20250326_122500_https_speehive_com.json: Expecting value: line 1 column 422 (char 421)
2025-04-07 06:38:25,923 - ERROR - Error processing history file 20250326_122529_https_google_com.json: Expecting value: line 1 column 401 (char 400)
2025-04-07 06:43:41,240 - ERROR - Error processing history file 20250326_122354_https_www_google_co_in_.json: Expecting value: line 1 column 430 (char 429)
2025-04-07 06:43:41,241 - ERROR - Error processing history file 20250326_122401_https_www_google_co_in.json: Expecting value: line 1 column 429 (char 428)
2025-04-07 06:43:41,241 - ERROR - Error processing history file 20250326_122500_https_speehive_com.json: Expecting value: line 1 column 422 (char 421)
2025-04-07 06:43:41,241 - ERROR - Error processing history file 20250326_122529_https_google_com.json: Expecting value: line 1 column 401 (char 400)
2025-04-07 06:54:06,786 - INFO - Analyzing URL: https://geoforms-qa.azurewebsites.net/auth/login
2025-04-07 06:54:07,199 - WARNING - Could not resolve domain azurewebsites.net
2025-04-07 06:54:10,104 - INFO - Analysis complete for https://geoforms-qa.azurewebsites.net/auth/login - Risk level: Medium
2025-04-07 06:54:48,818 - INFO - Analyzing URL: https://geoforms-qa.azurewebsites.net/page/template-library
2025-04-07 06:54:49,169 - WARNING - Could not resolve domain azurewebsites.net
2025-04-07 06:54:52,004 - INFO - Analysis complete for https://geoforms-qa.azurewebsites.net/page/template-library - Risk level: Low
2025-04-07 06:56:58,324 - ERROR - Error processing history file 20250326_122354_https_www_google_co_in_.json: Expecting value: line 1 column 430 (char 429)
2025-04-07 06:56:58,324 - ERROR - Error processing history file 20250326_122401_https_www_google_co_in.json: Expecting value: line 1 column 429 (char 428)
2025-04-07 06:56:58,325 - ERROR - Error processing history file 20250326_122500_https_speehive_com.json: Expecting value: line 1 column 422 (char 421)
2025-04-07 06:56:58,325 - ERROR - Error processing history file 20250326_122529_https_google_com.json: Expecting value: line 1 column 401 (char 400)
2025-04-07 07:01:25,514 - INFO - Analyzing URL: https://google.com
2025-04-07 07:01:26,933 - INFO - Analysis complete for https://google.com - Risk level: Medium
2025-04-07 07:05:33,330 - ERROR - Error processing history file 20250326_122354_https_www_google_co_in_.json: Expecting value: line 1 column 430 (char 429)
2025-04-07 07:05:33,336 - ERROR - Error processing history file 20250326_122401_https_www_google_co_in.json: Expecting value: line 1 column 429 (char 428)
2025-04-07 07:05:33,337 - ERROR - Error processing history file 20250326_122500_https_speehive_com.json: Expecting value: line 1 column 422 (char 421)
2025-04-07 07:05:33,337 - ERROR - Error processing history file 20250326_122529_https_google_com.json: Expecting value: line 1 column 401 (char 400)
2025-04-07 07:10:28,572 - INFO - Analyzing URL: https://virustotal.com
2025-04-07 07:10:29,586 - INFO - Analysis complete for https://virustotal.com - Risk level: Low
2025-04-07 07:11:22,454 - INFO - Analyzing URL: http://www.itsecgames.com/
2025-04-07 07:11:23,888 - INFO - Analysis complete for http://www.itsecgames.com/ - Risk level: Low
2025-04-07 07:11:49,625 - INFO - Analyzing URL: https://www.hackthissite.org/
2025-04-07 07:11:52,280 - INFO - Analysis complete for https://www.hackthissite.org/ - Risk level: Medium
2025-04-07 07:12:18,954 - INFO - Analyzing URL: https://google-gruyere.appspot.com/
2025-04-07 07:12:19,895 - INFO - Analysis complete for https://google-gruyere.appspot.com/ - Risk level: Medium
2025-04-07 07:12:58,029 - INFO - Analyzing URL: https://hbh.sh/home
2025-04-07 07:13:00,503 - INFO - Analysis complete for https://hbh.sh/home - Risk level: Medium
2025-04-07 07:13:44,801 - INFO - Analyzing URL: https://phishtool.com/
2025-04-07 07:13:56,929 - INFO - Analysis complete for https://phishtool.com/ - Risk level: Medium
2025-04-07 07:16:30,785 - INFO - Analyzing URL: https://security-alert-update.com
2025-04-07 07:16:30,920 - WARNING - Error retrieving WHOIS information for security-alert-update.com: No match for "SECURITY-ALERT-UPDATE.COM".
>>> Last update of whois database: 2025-04-07T07:16:21Z <<<

NOTICE: The expiration date displayed in this record is the date the
registrar's sponsorship of the domain name registration in the registry is
currently set to expire. This date does not necessarily reflect the expiration
date of the domain name registrant's agreement with the sponsoring
registrar.  Users may consult the sponsoring registrar's Whois database to
view the registrar's reported date of expiration for this registration.

TERMS OF USE: You are not authorized to access or query our Whois
database through the use of electronic processes that are high-volume and
automated except as reasonably necessary to register domain names or
modify existing registrations; the Data in VeriSign Global Registry
Services' ("VeriSign") Whois database is provided by VeriSign for
information purposes only, and to assist persons in obtaining information
about or related to a domain name registration record. VeriSign does not
guarantee its accuracy. By submitting a Whois query, you agree to abide
by the following terms of use: You agree that you may use this Data only
for lawful purposes and that under no circumstances will you use this Data
to: (1) allow, enable, or otherwise support the transmission of mass
unsolicited, commercial advertising or solicitations via e-mail, telephone,
or facsimile; or (2) enable high volume, automated, electronic processes
that apply to VeriSign (or its computer systems). The compilation,
repackaging, dissemination or other use of this Data is expressly
prohibited without the prior written consent of VeriSign. You agree not to
use electronic processes that are automated and high-volume to access or
query the Whois database except as reasonably necessary to register
domain names or modify existing registrations. VeriSign reserves the right
to restrict your access to the Whois database in its sole discretion to ensure
operational stability.  VeriSign may restrict or terminate your access to the
Whois database for failure to abide by these terms of use. VeriSign
reserves the right to modify these terms at any time.

The Registry database contains ONLY .COM, .NET, .EDU domains and
Registrars.

2025-04-07 07:16:30,965 - WARNING - Could not resolve domain security-alert-update.com
2025-04-07 07:16:31,042 - INFO - Analysis complete for https://security-alert-update.com - Risk level: Medium
2025-04-07 07:16:50,594 - INFO - Analyzing URL: https://banking-update-required.com
2025-04-07 07:16:50,759 - WARNING - Error retrieving WHOIS information for banking-update-required.com: No match for "BANKING-UPDATE-REQUIRED.COM".
>>> Last update of whois database: 2025-04-07T07:16:36Z <<<

NOTICE: The expiration date displayed in this record is the date the
registrar's sponsorship of the domain name registration in the registry is
currently set to expire. This date does not necessarily reflect the expiration
date of the domain name registrant's agreement with the sponsoring
registrar.  Users may consult the sponsoring registrar's Whois database to
view the registrar's reported date of expiration for this registration.

TERMS OF USE: You are not authorized to access or query our Whois
database through the use of electronic processes that are high-volume and
automated except as reasonably necessary to register domain names or
modify existing registrations; the Data in VeriSign Global Registry
Services' ("VeriSign") Whois database is provided by VeriSign for
information purposes only, and to assist persons in obtaining information
about or related to a domain name registration record. VeriSign does not
guarantee its accuracy. By submitting a Whois query, you agree to abide
by the following terms of use: You agree that you may use this Data only
for lawful purposes and that under no circumstances will you use this Data
to: (1) allow, enable, or otherwise support the transmission of mass
unsolicited, commercial advertising or solicitations via e-mail, telephone,
or facsimile; or (2) enable high volume, automated, electronic processes
that apply to VeriSign (or its computer systems). The compilation,
repackaging, dissemination or other use of this Data is expressly
prohibited without the prior written consent of VeriSign. You agree not to
use electronic processes that are automated and high-volume to access or
query the Whois database except as reasonably necessary to register
domain names or modify existing registrations. VeriSign reserves the right
to restrict your access to the Whois database in its sole discretion to ensure
operational stability.  VeriSign may restrict or terminate your access to the
Whois database for failure to abide by these terms of use. VeriSign
reserves the right to modify these terms at any time.

The Registry database contains ONLY .COM, .NET, .EDU domains and
Registrars.

2025-04-07 07:16:50,802 - WARNING - Could not resolve domain banking-update-required.com
2025-04-07 07:16:50,879 - INFO - Analysis complete for https://banking-update-required.com - Risk level: High
2025-04-07 07:26:32,872 - INFO - Analyzing URL: https://www.phishtank.com/developer_info.php
2025-04-07 07:26:34,509 - INFO - Analysis complete for https://www.phishtank.com/developer_info.php - Risk level: Medium
2025-04-07 07:26:56,105 - INFO - Analyzing URL: https://urlhaus.abuse.ch/downloads/csv
2025-04-07 07:26:56,351 - ERROR - Error trying to connect to socket: closing socket - [Errno 111] Connection refused
2025-04-07 07:27:10,628 - INFO - Analysis complete for https://urlhaus.abuse.ch/downloads/csv - Risk level: Low
2025-04-07 07:27:21,868 - INFO - Analyzing URL: https://urlhaus.abuse.ch/downloads.csv
2025-04-07 07:27:22,104 - ERROR - Error trying to connect to socket: closing socket - [Errno 111] Connection refused
2025-04-07 07:27:22,922 - INFO - Analysis complete for https://urlhaus.abuse.ch/downloads.csv - Risk level: Low
2025-04-07 07:29:44,032 - INFO - Analyzing URL: https://password-reset-confirm.net
2025-04-07 07:29:44,165 - WARNING - Error retrieving WHOIS information for password-reset-confirm.net: No match for "PASSWORD-RESET-CONFIRM.NET".
>>> Last update of whois database: 2025-04-07T07:29:27Z <<<

NOTICE: The expiration date displayed in this record is the date the
registrar's sponsorship of the domain name registration in the registry is
currently set to expire. This date does not necessarily reflect the expiration
date of the domain name registrant's agreement with the sponsoring
registrar.  Users may consult the sponsoring registrar's Whois database to
view the registrar's reported date of expiration for this registration.

TERMS OF USE: You are not authorized to access or query our Whois
database through the use of electronic processes that are high-volume and
automated except as reasonably necessary to register domain names or
modify existing registrations; the Data in VeriSign Global Registry
Services' ("VeriSign") Whois database is provided by VeriSign for
information purposes only, and to assist persons in obtaining information
about or related to a domain name registration record. VeriSign does not
guarantee its accuracy. By submitting a Whois query, you agree to abide
by the following terms of use: You agree that you may use this Data only
for lawful purposes and that under no circumstances will you use this Data
to: (1) allow, enable, or otherwise support the transmission of mass
unsolicited, commercial advertising or solicitations via e-mail, telephone,
or facsimile; or (2) enable high volume, automated, electronic processes
that apply to VeriSign (or its computer systems). The compilation,
repackaging, dissemination or other use of this Data is expressly
prohibited without the prior written consent of VeriSign. You agree not to
use electronic processes that are automated and high-volume to access or
query the Whois database except as reasonably necessary to register
domain names or modify existing registrations. VeriSign reserves the right
to restrict your access to the Whois database in its sole discretion to ensure
operational stability.  VeriSign may restrict or terminate your access to the
Whois database for failure to abide by these terms of use. VeriSign
reserves the right to modify these terms at any time.

The Registry database contains ONLY .COM, .NET, .EDU domains and
Registrars.

2025-04-07 07:29:44,196 - WARNING - Could not resolve domain password-reset-confirm.net
2025-04-07 07:29:44,262 - INFO - Analysis complete for https://password-reset-confirm.net - Risk level: Medium
2025-04-07 07:30:33,354 - INFO - Analyzing URL: https://openphish.com/feed.txt
2025-04-07 07:30:35,579 - INFO - Analysis complete for https://openphish.com/feed.txt - Risk level: Low
2025-04-07 08:26:05,703 - ERROR - Error processing history file 20250326_122354_https_www_google_co_in_.json: Expecting value: line 1 column 430 (char 429)
2025-04-07 08:26:05,703 - ERROR - Error processing history file 20250326_122401_https_www_google_co_in.json: Expecting value: line 1 column 429 (char 428)
2025-04-07 08:26:05,703 - ERROR - Error processing history file 20250326_122500_https_speehive_com.json: Expecting value: line 1 column 422 (char 421)
2025-04-07 08:26:05,704 - ERROR - Error processing history file 20250326_122529_https_google_com.json: Expecting value: line 1 column 401 (char 400)
2025-04-07 09:15:12,183 - INFO - Analyzing URL: https://speehive.com
2025-04-07 09:15:13,469 - INFO - Analysis complete for https://speehive.com - Risk level: Low
2025-04-07 09:25:07,600 - WARNING - <table> is empty
'<table> </table>'
2025-04-07 09:30:29,948 - INFO - Analyzing URL: https://myntra.com
2025-04-07 09:30:31,472 - INFO - Analysis complete for https://myntra.com - Risk level: Low
2025-04-07 09:30:31,474 - INFO - Analyzing URL: https://flipkart.com
2025-04-07 09:30:48,758 - INFO - Analysis complete for https://flipkart.com - Risk level: Medium
2025-04-07 09:43:21,674 - INFO - [31m[1mWARNING: This is a development server. Do not use it in a production deployment. Use a production WSGI server instead.[0m
 * Running on all addresses (0.0.0.0)
 * Running on http://127.0.0.1:5001
 * Running on http://172.31.128.117:5001
2025-04-07 09:43:21,677 - INFO - [33mPress CTRL+C to quit[0m
2025-04-07 09:43:21,680 - INFO -  * Restarting with stat
2025-04-07 09:43:22,581 - WARNING -  * Debugger is active!
2025-04-07 09:43:22,584 - INFO -  * Debugger PIN: 140-524-144
2025-04-07 09:55:21,690 - INFO - [31m[1mWARNING: This is a development server. Do not use it in a production deployment. Use a production WSGI server instead.[0m
 * Running on all addresses (0.0.0.0)
 * Running on http://127.0.0.1:5001
 * Running on http://172.31.128.117:5001
2025-04-07 09:55:21,695 - INFO - [33mPress CTRL+C to quit[0m
2025-04-07 09:55:21,699 - INFO -  * Restarting with stat
2025-04-07 09:55:22,555 - WARNING -  * Debugger is active!
2025-04-07 09:55:22,557 - INFO -  * Debugger PIN: 216-159-329
2025-04-07 09:56:24,076 - INFO - [31m[1mWARNING: This is a development server. Do not use it in a production deployment. Use a production WSGI server instead.[0m
 * Running on all addresses (0.0.0.0)
 * Running on http://127.0.0.1:5001
 * Running on http://172.31.128.117:5001
2025-04-07 09:56:24,077 - INFO - [33mPress CTRL+C to quit[0m
2025-04-07 09:56:24,078 - INFO -  * Restarting with stat
2025-04-07 09:56:25,208 - WARNING -  * Debugger is active!
2025-04-07 09:56:25,210 - INFO -  * Debugger PIN: 148-879-931
2025-04-07 09:57:29,424 - INFO - Analyzing URL: https://google.com
2025-04-07 09:57:30,836 - INFO - Analysis complete for https://google.com - Risk level: Medium
2025-04-07 10:14:25,293 - INFO - Analyzing URL: https://speehive.com
2025-04-07 10:14:26,804 - INFO - Analysis complete for https://speehive.com - Risk level: Low
2025-04-07 10:17:43,832 - ERROR - Error processing history file 20250326_122354_https_www_google_co_in_.json: Expecting value: line 1 column 430 (char 429)
2025-04-07 10:17:43,832 - ERROR - Error processing history file 20250326_122401_https_www_google_co_in.json: Expecting value: line 1 column 429 (char 428)
2025-04-07 10:17:43,832 - ERROR - Error processing history file 20250326_122500_https_speehive_com.json: Expecting value: line 1 column 422 (char 421)
2025-04-07 10:17:43,832 - ERROR - Error processing history file 20250326_122529_https_google_com.json: Expecting value: line 1 column 401 (char 400)
2025-04-07 11:48:35,874 - INFO - Analyzing URL: https://banking-update-required.com
2025-04-07 11:48:36,098 - WARNING - Error retrieving WHOIS information for banking-update-required.com: No match for "BANKING-UPDATE-REQUIRED.COM".
>>> Last update of whois database: 2025-04-07T11:48:27Z <<<

NOTICE: The expiration date displayed in this record is the date the
registrar's sponsorship of the domain name registration in the registry is
currently set to expire. This date does not necessarily reflect the expiration
date of the domain name registrant's agreement with the sponsoring
registrar.  Users may consult the sponsoring registrar's Whois database to
view the registrar's reported date of expiration for this registration.

TERMS OF USE: You are not authorized to access or query our Whois
database through the use of electronic processes that are high-volume and
automated except as reasonably necessary to register domain names or
modify existing registrations; the Data in VeriSign Global Registry
Services' ("VeriSign") Whois database is provided by VeriSign for
information purposes only, and to assist persons in obtaining information
about or related to a domain name registration record. VeriSign does not
guarantee its accuracy. By submitting a Whois query, you agree to abide
by the following terms of use: You agree that you may use this Data only
for lawful purposes and that under no circumstances will you use this Data
to: (1) allow, enable, or otherwise support the transmission of mass
unsolicited, commercial advertising or solicitations via e-mail, telephone,
or facsimile; or (2) enable high volume, automated, electronic processes
that apply to VeriSign (or its computer systems). The compilation,
repackaging, dissemination or other use of this Data is expressly
prohibited without the prior written consent of VeriSign. You agree not to
use electronic processes that are automated and high-volume to access or
query the Whois database except as reasonably necessary to register
domain names or modify existing registrations. VeriSign reserves the right
to restrict your access to the Whois database in its sole discretion to ensure
operational stability.  VeriSign may restrict or terminate your access to the
Whois database for failure to abide by these terms of use. VeriSign
reserves the right to modify these terms at any time.

The Registry database contains ONLY .COM, .NET, .EDU domains and
Registrars.

2025-04-07 11:48:36,135 - WARNING - Could not resolve domain banking-update-required.com
2025-04-07 11:48:36,181 - INFO - Analysis complete for https://banking-update-required.com - Risk level: High
2025-04-07 11:49:20,311 - ERROR - Error processing history file 20250326_122354_https_www_google_co_in_.json: Expecting value: line 1 column 430 (char 429)
2025-04-07 11:49:20,311 - ERROR - Error processing history file 20250326_122401_https_www_google_co_in.json: Expecting value: line 1 column 429 (char 428)
2025-04-07 11:49:20,312 - ERROR - Error processing history file 20250326_122500_https_speehive_com.json: Expecting value: line 1 column 422 (char 421)
2025-04-07 11:49:20,312 - ERROR - Error processing history file 20250326_122529_https_google_com.json: Expecting value: line 1 column 401 (char 400)
2025-04-08 10:55:27,420 - INFO - [31m[1mWARNING: This is a development server. Do not use it in a production deployment. Use a production WSGI server instead.[0m
 * Running on all addresses (0.0.0.0)
 * Running on http://127.0.0.1:7856
 * Running on http://172.16.50.136:7856
2025-04-08 10:55:27,421 - INFO - [33mPress CTRL+C to quit[0m
2025-04-08 10:55:27,422 - INFO -  * Restarting with stat
2025-04-08 10:55:29,142 - WARNING -  * Debugger is active!
2025-04-08 10:55:29,146 - INFO -  * Debugger PIN: 291-834-689
2025-04-08 10:55:57,398 - INFO - 127.0.0.1 - - [08/Apr/2025 10:55:57] "GET / HTTP/1.1" 200 -
2025-04-08 10:55:58,909 - INFO - 127.0.0.1 - - [08/Apr/2025 10:55:58] "[33mGET /favicon.ico HTTP/1.1[0m" 404 -
2025-04-08 10:58:50,720 - INFO - Analyzing URL: https://google.com
2025-04-08 10:58:58,637 - INFO - Analysis complete for https://google.com - Risk level: Medium
2025-04-08 10:58:58,639 - INFO - 127.0.0.1 - - [08/Apr/2025 10:58:58] "POST /analyze HTTP/1.1" 200 -
2025-04-08 11:05:08,040 - INFO - 127.0.0.1 - - [08/Apr/2025 11:05:08] "GET /history HTTP/1.1" 200 -
2025-04-08 11:06:00,881 - INFO - 127.0.0.1 - - [08/Apr/2025 11:06:00] "GET / HTTP/1.1" 200 -
2025-04-08 11:06:02,016 - INFO - 127.0.0.1 - - [08/Apr/2025 11:06:02] "GET /email_automation HTTP/1.1" 200 -
2025-04-08 12:26:57,673 - INFO - [31m[1mWARNING: This is a development server. Do not use it in a production deployment. Use a production WSGI server instead.[0m
 * Running on all addresses (0.0.0.0)
 * Running on http://127.0.0.1:7856
 * Running on http://172.16.50.136:7856
2025-04-08 12:26:57,673 - INFO - [33mPress CTRL+C to quit[0m
2025-04-08 12:27:21,095 - INFO - 127.0.0.1 - - [08/Apr/2025 12:27:21] "GET / HTTP/1.1" 200 -
2025-04-08 12:27:27,214 - INFO - 127.0.0.1 - - [08/Apr/2025 12:27:27] "[31m[1mGET /api/analyze?url=https HTTP/1.1[0m" 400 -
2025-04-08 12:27:35,924 - INFO - Analyzing URL: https://google.com
2025-04-08 12:27:42,606 - INFO - Analysis complete for https://google.com - Risk level: Medium
2025-04-08 12:27:42,607 - INFO - 127.0.0.1 - - [08/Apr/2025 12:27:42] "GET /api/analyze?url=https://google.com HTTP/1.1" 200 -
2025-04-08 12:27:45,626 - INFO - 127.0.0.1 - - [08/Apr/2025 12:27:45] "GET / HTTP/1.1" 200 -
2025-04-08 12:28:05,054 - INFO - 127.0.0.1 - - [08/Apr/2025 12:28:05] "GET / HTTP/1.1" 200 -
2025-04-08 12:28:19,947 - INFO - [31m[1mWARNING: This is a development server. Do not use it in a production deployment. Use a production WSGI server instead.[0m
 * Running on all addresses (0.0.0.0)
 * Running on http://127.0.0.1:7856
 * Running on http://172.16.50.136:7856
2025-04-08 12:28:19,948 - INFO - [33mPress CTRL+C to quit[0m
2025-04-08 12:28:19,949 - INFO -  * Restarting with stat
2025-04-08 12:28:21,342 - WARNING -  * Debugger is active!
2025-04-08 12:28:21,345 - INFO -  * Debugger PIN: 291-834-689
2025-04-08 12:28:33,837 - INFO - 127.0.0.1 - - [08/Apr/2025 12:28:33] "GET / HTTP/1.1" 200 -
2025-04-08 12:28:43,100 - INFO - Analyzing URL: https://google.com
2025-04-08 12:28:49,527 - INFO - Analysis complete for https://google.com - Risk level: Medium
2025-04-08 12:28:49,528 - INFO - 127.0.0.1 - - [08/Apr/2025 12:28:49] "GET /api/analyze?url=https://google.com HTTP/1.1" 200 -
2025-04-08 12:28:53,659 - INFO - 127.0.0.1 - - [08/Apr/2025 12:28:53] "[33mGET /history HTTP/1.1[0m" 404 -
2025-04-08 12:36:43,604 - INFO - [31m[1mWARNING: This is a development server. Do not use it in a production deployment. Use a production WSGI server instead.[0m
 * Running on all addresses (0.0.0.0)
 * Running on http://127.0.0.1:7856
 * Running on http://172.16.50.136:7856
2025-04-08 12:36:43,605 - INFO - [33mPress CTRL+C to quit[0m
2025-04-08 12:36:43,607 - INFO -  * Restarting with stat
2025-04-08 12:36:45,173 - WARNING -  * Debugger is active!
2025-04-08 12:36:45,176 - INFO -  * Debugger PIN: 291-834-689
2025-04-08 12:37:05,086 - INFO - 127.0.0.1 - - [08/Apr/2025 12:37:05] "GET / HTTP/1.1" 200 -
2025-04-08 12:37:11,315 - INFO - 127.0.0.1 - - [08/Apr/2025 12:37:11] "GET /history HTTP/1.1" 200 -
2025-04-08 12:37:13,899 - INFO - 127.0.0.1 - - [08/Apr/2025 12:37:13] "GET /batch_analysis HTTP/1.1" 200 -
2025-04-08 12:37:14,765 - ERROR - Error processing history file 20250326_122354_https_www_google_co_in_.json: Expecting value: line 1 column 430 (char 429)
2025-04-08 12:37:14,774 - ERROR - Error processing history file 20250326_122401_https_www_google_co_in.json: Expecting value: line 1 column 429 (char 428)
2025-04-08 12:37:14,785 - ERROR - Error processing history file 20250326_122500_https_speehive_com.json: Expecting value: line 1 column 422 (char 421)
2025-04-08 12:37:14,797 - ERROR - Error processing history file 20250326_122529_https_google_com.json: Expecting value: line 1 column 401 (char 400)
2025-04-08 12:37:15,854 - INFO - 127.0.0.1 - - [08/Apr/2025 12:37:15] "GET /dashboard HTTP/1.1" 200 -
2025-05-14 09:35:46,681 - INFO - [31m[1mWARNING: This is a development server. Do not use it in a production deployment. Use a production WSGI server instead.[0m
 * Running on all addresses (0.0.0.0)
 * Running on http://127.0.0.1:7856
 * Running on http://172.16.50.136:7856
2025-05-14 09:35:46,683 - INFO - [33mPress CTRL+C to quit[0m
2025-05-14 09:35:46,686 - INFO -  * Restarting with stat
2025-05-14 09:35:49,294 - WARNING -  * Debugger is active!
2025-05-14 09:35:49,299 - INFO -  * Debugger PIN: 291-834-689
2025-05-14 09:36:03,206 - INFO - 127.0.0.1 - - [14/May/2025 09:36:03] "[32mGET / HTTP/1.1[0m" 302 -
2025-05-14 09:36:03,263 - INFO - 127.0.0.1 - - [14/May/2025 09:36:03] "GET /login?next=/ HTTP/1.1" 200 -
2025-05-14 09:36:04,326 - INFO - 127.0.0.1 - - [14/May/2025 09:36:04] "[33mGET /favicon.ico HTTP/1.1[0m" 404 -
2025-05-14 09:36:14,327 - INFO - 127.0.0.1 - - [14/May/2025 09:36:14] "[32mPOST /login HTTP/1.1[0m" 302 -
2025-05-14 09:36:14,421 - INFO - 127.0.0.1 - - [14/May/2025 09:36:14] "GET / HTTP/1.1" 200 -
2025-05-14 10:20:15,046 - INFO - [31m[1mWARNING: This is a development server. Do not use it in a production deployment. Use a production WSGI server instead.[0m
 * Running on all addresses (0.0.0.0)
 * Running on http://127.0.0.1:7856
 * Running on http://172.16.50.136:7856
2025-05-14 10:20:15,047 - INFO - [33mPress CTRL+C to quit[0m
2025-05-14 10:20:15,050 - INFO -  * Restarting with stat
2025-05-14 10:20:16,911 - WARNING -  * Debugger is active!
2025-05-14 10:20:16,915 - INFO -  * Debugger PIN: 291-834-689
2025-05-14 10:20:20,086 - INFO - 127.0.0.1 - - [14/May/2025 10:20:20] "GET / HTTP/1.1" 200 -
2025-05-14 11:05:25,021 - INFO - 127.0.0.1 - - [14/May/2025 11:05:25] "GET /api/docs HTTP/1.1" 200 -
2025-05-14 11:31:12,868 - INFO - 127.0.0.1 - - [14/May/2025 11:31:12] "GET / HTTP/1.1" 200 -
2025-05-14 11:46:16,423 - INFO -  * Detected change in 'C:\\Users\\SanthoshKumarJP\\OneDrive - SpeeHive\\Downloads\\WhoisLookup\\WhoisLookup\\main.py', reloading
2025-05-14 11:46:16,832 - INFO -  * Restarting with stat
2025-05-14 11:46:20,950 - WARNING -  * Debugger is active!
2025-05-14 11:46:20,954 - INFO -  * Debugger PIN: 291-834-689
2025-05-14 11:46:45,052 - INFO - 127.0.0.1 - - [14/May/2025 11:46:45] "GET / HTTP/1.1" 200 -
2025-05-14 11:47:44,382 - INFO - [31m[1mWARNING: This is a development server. Do not use it in a production deployment. Use a production WSGI server instead.[0m
 * Running on all addresses (0.0.0.0)
 * Running on http://127.0.0.1:8080
 * Running on http://172.16.50.136:8080
2025-05-14 11:47:44,382 - INFO - [33mPress CTRL+C to quit[0m
2025-05-14 11:47:44,385 - INFO -  * Restarting with stat
2025-05-14 11:47:46,125 - WARNING -  * Debugger is active!
2025-05-14 11:47:46,129 - INFO -  * Debugger PIN: 291-834-689
2025-05-14 11:47:49,087 - INFO - 127.0.0.1 - - [14/May/2025 11:47:49] "GET / HTTP/1.1" 200 -
2025-05-14 11:47:49,209 - INFO - 127.0.0.1 - - [14/May/2025 11:47:49] "[33mGET /favicon.ico HTTP/1.1[0m" 404 -
2025-05-14 12:05:44,763 - INFO - [31m[1mWARNING: This is a development server. Do not use it in a production deployment. Use a production WSGI server instead.[0m
 * Running on all addresses (0.0.0.0)
 * Running on http://127.0.0.1:8080
 * Running on http://172.16.50.136:8080
2025-05-14 12:05:44,764 - INFO - [33mPress CTRL+C to quit[0m
2025-05-14 12:05:44,766 - INFO -  * Restarting with stat
2025-05-14 12:05:46,496 - WARNING -  * Debugger is active!
2025-05-14 12:05:46,500 - INFO -  * Debugger PIN: 291-834-689
2025-05-14 12:05:46,650 - INFO - 127.0.0.1 - - [14/May/2025 12:05:46] "GET / HTTP/1.1" 200 -
2025-05-14 12:05:56,111 - INFO - Analyzing URL: https://banking-update-required.com
2025-05-14 12:05:57,208 - WARNING - Error retrieving WHOIS information for banking-update-required.com: No match for "BANKING-UPDATE-REQUIRED.COM".
>>> Last update of whois database: 2025-05-14T06:35:39Z <<<

NOTICE: The expiration date displayed in this record is the date the
registrar's sponsorship of the domain name registration in the registry is
currently set to expire. This date does not necessarily reflect the expiration
date of the domain name registrant's agreement with the sponsoring
registrar.  Users may consult the sponsoring registrar's Whois database to
view the registrar's reported date of expiration for this registration.

TERMS OF USE: You are not authorized to access or query our Whois
database through the use of electronic processes that are high-volume and
automated except as reasonably necessary to register domain names or
modify existing registrations; the Data in VeriSign Global Registry
Services' ("VeriSign") Whois database is provided by VeriSign for
information purposes only, and to assist persons in obtaining information
about or related to a domain name registration record. VeriSign does not
guarantee its accuracy. By submitting a Whois query, you agree to abide
by the following terms of use: You agree that you may use this Data only
for lawful purposes and that under no circumstances will you use this Data
to: (1) allow, enable, or otherwise support the transmission of mass
unsolicited, commercial advertising or solicitations via e-mail, telephone,
or facsimile; or (2) enable high volume, automated, electronic processes
that apply to VeriSign (or its computer systems). The compilation,
repackaging, dissemination or other use of this Data is expressly
prohibited without the prior written consent of VeriSign. You agree not to
use electronic processes that are automated and high-volume to access or
query the Whois database except as reasonably necessary to register
domain names or modify existing registrations. VeriSign reserves the right
to restrict your access to the Whois database in its sole discretion to ensure
operational stability.  VeriSign may restrict or terminate your access to the
Whois database for failure to abide by these terms of use. VeriSign
reserves the right to modify these terms at any time.

The Registry database contains ONLY .COM, .NET, .EDU domains and
Registrars.

2025-05-14 12:05:57,306 - WARNING - Could not resolve domain banking-update-required.com
2025-05-14 12:05:57,442 - INFO - Analysis complete for https://banking-update-required.com - Risk level: High
2025-05-14 12:05:57,445 - INFO - 127.0.0.1 - - [14/May/2025 12:05:57] "POST /analyze HTTP/1.1" 200 -
2025-05-14 12:06:00,320 - INFO - 127.0.0.1 - - [14/May/2025 12:06:00] "GET /email_analysis HTTP/1.1" 200 -
2025-05-14 12:06:04,223 - INFO - 127.0.0.1 - - [14/May/2025 12:06:04] "GET /history HTTP/1.1" 200 -
2025-05-14 12:11:11,633 - INFO -  * Detected change in 'C:\\Users\\SanthoshKumarJP\\OneDrive - SpeeHive\\Downloads\\WhoisLookup\\WhoisLookup\\main.py', reloading
2025-05-14 12:11:11,904 - INFO -  * Restarting with stat
2025-05-14 12:11:13,603 - WARNING -  * Debugger is active!
2025-05-14 12:11:13,606 - INFO -  * Debugger PIN: 291-834-689
2025-05-14 12:14:36,370 - INFO - [31m[1mWARNING: This is a development server. Do not use it in a production deployment. Use a production WSGI server instead.[0m
 * Running on all addresses (0.0.0.0)
 * Running on http://127.0.0.1:8080
 * Running on http://172.16.50.136:8080
2025-05-14 12:14:36,371 - INFO - [33mPress CTRL+C to quit[0m
2025-05-14 12:14:36,373 - INFO -  * Restarting with stat
2025-05-14 12:14:38,290 - WARNING -  * Debugger is active!
2025-05-14 12:14:38,295 - INFO -  * Debugger PIN: 291-834-689
2025-05-14 12:14:38,503 - INFO - 127.0.0.1 - - [14/May/2025 12:14:38] "GET / HTTP/1.1" 200 -
2025-05-14 12:39:34,281 - INFO - [31m[1mWARNING: This is a development server. Do not use it in a production deployment. Use a production WSGI server instead.[0m
 * Running on all addresses (0.0.0.0)
 * Running on http://127.0.0.1:8080
 * Running on http://172.16.50.136:8080
2025-05-14 12:39:34,282 - INFO - [33mPress CTRL+C to quit[0m
2025-05-14 12:39:34,284 - INFO -  * Restarting with stat
2025-05-14 12:39:36,143 - WARNING -  * Debugger is active!
2025-05-14 12:39:36,147 - INFO -  * Debugger PIN: 291-834-689
2025-05-14 12:39:40,069 - INFO - 127.0.0.1 - - [14/May/2025 12:39:40] "GET / HTTP/1.1" 200 -
2025-05-14 12:39:44,549 - INFO - Analyzing URL: https://password-reset-confirm.net
2025-05-14 12:39:45,799 - WARNING - Error retrieving WHOIS information for password-reset-confirm.net: No match for "PASSWORD-RESET-CONFIRM.NET".
>>> Last update of whois database: 2025-05-14T07:09:36Z <<<

NOTICE: The expiration date displayed in this record is the date the
registrar's sponsorship of the domain name registration in the registry is
currently set to expire. This date does not necessarily reflect the expiration
date of the domain name registrant's agreement with the sponsoring
registrar.  Users may consult the sponsoring registrar's Whois database to
view the registrar's reported date of expiration for this registration.

TERMS OF USE: You are not authorized to access or query our Whois
database through the use of electronic processes that are high-volume and
automated except as reasonably necessary to register domain names or
modify existing registrations; the Data in VeriSign Global Registry
Services' ("VeriSign") Whois database is provided by VeriSign for
information purposes only, and to assist persons in obtaining information
about or related to a domain name registration record. VeriSign does not
guarantee its accuracy. By submitting a Whois query, you agree to abide
by the following terms of use: You agree that you may use this Data only
for lawful purposes and that under no circumstances will you use this Data
to: (1) allow, enable, or otherwise support the transmission of mass
unsolicited, commercial advertising or solicitations via e-mail, telephone,
or facsimile; or (2) enable high volume, automated, electronic processes
that apply to VeriSign (or its computer systems). The compilation,
repackaging, dissemination or other use of this Data is expressly
prohibited without the prior written consent of VeriSign. You agree not to
use electronic processes that are automated and high-volume to access or
query the Whois database except as reasonably necessary to register
domain names or modify existing registrations. VeriSign reserves the right
to restrict your access to the Whois database in its sole discretion to ensure
operational stability.  VeriSign may restrict or terminate your access to the
Whois database for failure to abide by these terms of use. VeriSign
reserves the right to modify these terms at any time.

The Registry database contains ONLY .COM, .NET, .EDU domains and
Registrars.

2025-05-14 12:39:45,873 - WARNING - Could not resolve domain password-reset-confirm.net
2025-05-14 12:39:45,946 - INFO - Analysis complete for https://password-reset-confirm.net - Risk level: Medium
2025-05-14 12:39:45,948 - INFO - 127.0.0.1 - - [14/May/2025 12:39:45] "POST /analyze HTTP/1.1" 200 -
2025-05-14 12:40:18,013 - INFO - 127.0.0.1 - - [14/May/2025 12:40:18] "GET /email_analysis HTTP/1.1" 200 -
2025-05-14 12:44:06,953 - INFO - 127.0.0.1 - - [14/May/2025 12:44:06] "POST /email_analysis HTTP/1.1" 200 -
2025-05-14 12:44:16,526 - INFO - 127.0.0.1 - - [14/May/2025 12:44:16] "GET /batch_analysis HTTP/1.1" 200 -
2025-05-14 12:44:17,695 - INFO - 127.0.0.1 - - [14/May/2025 12:44:17] "GET /history HTTP/1.1" 200 -
2025-05-14 12:44:19,163 - INFO - 127.0.0.1 - - [14/May/2025 12:44:19] "GET /email_analysis HTTP/1.1" 200 -
2025-05-14 12:44:20,198 - ERROR - Error processing history file 20250326_122354_https_www_google_co_in_.json: Expecting value: line 1 column 430 (char 429)
2025-05-14 12:44:20,210 - ERROR - Error processing history file 20250326_122401_https_www_google_co_in.json: Expecting value: line 1 column 429 (char 428)
2025-05-14 12:44:20,226 - ERROR - Error processing history file 20250326_122500_https_speehive_com.json: Expecting value: line 1 column 422 (char 421)
2025-05-14 12:44:20,251 - ERROR - Error processing history file 20250326_122529_https_google_com.json: Expecting value: line 1 column 401 (char 400)
2025-05-14 12:44:21,557 - INFO - 127.0.0.1 - - [14/May/2025 12:44:21] "GET /dashboard HTTP/1.1" 200 -
2025-05-14 12:44:30,841 - INFO - 127.0.0.1 - - [14/May/2025 12:44:30] "GET /email_automation HTTP/1.1" 200 -
2025-05-14 12:44:34,215 - INFO - 127.0.0.1 - - [14/May/2025 12:44:34] "GET /about HTTP/1.1" 200 -
2025-05-14 12:44:35,438 - INFO - 127.0.0.1 - - [14/May/2025 12:44:35] "GET /api/docs HTTP/1.1" 200 -
2025-05-14 12:44:38,365 - INFO - 127.0.0.1 - - [14/May/2025 12:44:38] "GET /about HTTP/1.1" 200 -
2025-08-05 14:37:41,530 - INFO - [31m[1mWARNING: This is a development server. Do not use it in a production deployment. Use a production WSGI server instead.[0m
 * Running on all addresses (0.0.0.0)
 * Running on http://127.0.0.1:8080
 * Running on http://172.16.50.35:8080
2025-08-05 14:37:41,531 - INFO - [33mPress CTRL+C to quit[0m
2025-08-05 14:37:41,532 - INFO -  * Restarting with stat
2025-08-05 14:37:43,063 - WARNING -  * Debugger is active!
2025-08-05 14:37:43,066 - INFO -  * Debugger PIN: 928-245-357
2025-08-05 14:39:22,187 - INFO - 127.0.0.1 - - [05/Aug/2025 14:39:22] "[32mGET / HTTP/1.1[0m" 302 -
2025-08-05 14:39:22,241 - INFO - 127.0.0.1 - - [05/Aug/2025 14:39:22] "GET /login?next=/ HTTP/1.1" 200 -
2025-08-05 14:39:22,868 - INFO - 127.0.0.1 - - [05/Aug/2025 14:39:22] "[33mGET /favicon.ico HTTP/1.1[0m" 404 -
2025-08-05 14:39:30,286 - INFO - 127.0.0.1 - - [05/Aug/2025 14:39:30] "[32mPOST /login HTTP/1.1[0m" 302 -
2025-08-05 14:39:30,325 - INFO - 127.0.0.1 - - [05/Aug/2025 14:39:30] "GET / HTTP/1.1" 200 -
2025-08-05 14:39:47,824 - INFO - 127.0.0.1 - - [05/Aug/2025 14:39:47] "[32mPOST /login HTTP/1.1[0m" 302 -
2025-08-05 14:39:47,828 - INFO - 127.0.0.1 - - [05/Aug/2025 14:39:47] "GET / HTTP/1.1" 200 -
2025-08-05 14:41:59,012 - INFO - 127.0.0.1 - - [05/Aug/2025 14:41:59] "[32mGET /logout HTTP/1.1[0m" 302 -
2025-08-05 14:41:59,018 - INFO - 127.0.0.1 - - [05/Aug/2025 14:41:59] "[32mGET / HTTP/1.1[0m" 302 -
2025-08-05 14:41:59,023 - INFO - 127.0.0.1 - - [05/Aug/2025 14:41:59] "GET /login?next=/ HTTP/1.1" 200 -
2025-08-05 14:44:29,614 - INFO - 127.0.0.1 - - [05/Aug/2025 14:44:29] "[32mPOST /login HTTP/1.1[0m" 302 -
2025-08-05 14:44:29,618 - INFO - 127.0.0.1 - - [05/Aug/2025 14:44:29] "GET / HTTP/1.1" 200 -
2025-08-05 15:02:43,231 - INFO - 127.0.0.1 - - [05/Aug/2025 15:02:43] "[32mGET / HTTP/1.1[0m" 302 -
2025-08-05 15:02:43,280 - INFO - 127.0.0.1 - - [05/Aug/2025 15:02:43] "GET /login?next=/ HTTP/1.1" 200 -
2025-08-05 15:02:43,481 - INFO - 127.0.0.1 - - [05/Aug/2025 15:02:43] "[33mGET /static/images/speehive_logo_2024.png HTTP/1.1[0m" 404 -
2025-08-05 15:02:45,250 - INFO - 127.0.0.1 - - [05/Aug/2025 15:02:45] "[33mGET /favicon.ico HTTP/1.1[0m" 404 -
2025-08-08 13:36:54,390 - INFO - [31m[1mWARNING: This is a development server. Do not use it in a production deployment. Use a production WSGI server instead.[0m
 * Running on all addresses (0.0.0.0)
 * Running on http://127.0.0.1:8080
 * Running on http://172.16.50.35:8080
2025-08-08 13:36:54,390 - INFO - [33mPress CTRL+C to quit[0m
2025-08-08 13:36:54,391 - INFO -  * Restarting with stat
2025-08-08 13:36:55,842 - WARNING -  * Debugger is active!
2025-08-08 13:36:55,845 - INFO -  * Debugger PIN: 928-245-357
2025-08-08 13:37:16,415 - INFO - 127.0.0.1 - - [08/Aug/2025 13:37:16] "[32mGET / HTTP/1.1[0m" 302 -
2025-08-08 13:37:16,434 - INFO - 127.0.0.1 - - [08/Aug/2025 13:37:16] "GET /login?next=/ HTTP/1.1" 200 -
2025-08-08 13:37:16,786 - INFO - 127.0.0.1 - - [08/Aug/2025 13:37:16] "[33mGET /favicon.ico HTTP/1.1[0m" 404 -
2025-08-08 13:37:28,034 - INFO - 127.0.0.1 - - [08/Aug/2025 13:37:28] "POST /login HTTP/1.1" 200 -
2025-08-08 13:37:38,369 - INFO - 127.0.0.1 - - [08/Aug/2025 13:37:38] "POST /login HTTP/1.1" 200 -
2025-08-08 13:37:45,011 - INFO - 127.0.0.1 - - [08/Aug/2025 13:37:45] "[32mPOST /login HTTP/1.1[0m" 302 -
2025-08-08 13:37:45,018 - INFO - 127.0.0.1 - - [08/Aug/2025 13:37:45] "GET / HTTP/1.1" 200 -
2025-08-08 13:37:49,039 - INFO - 127.0.0.1 - - [08/Aug/2025 13:37:49] "GET /batch_analysis HTTP/1.1" 200 -
2025-08-08 13:37:50,249 - ERROR - Error processing history file 20250326_122354_https_www_google_co_in_.json: Expecting value: line 1 column 430 (char 429)
2025-08-08 13:37:50,249 - ERROR - Error processing history file 20250326_122401_https_www_google_co_in.json: Expecting value: line 1 column 429 (char 428)
2025-08-08 13:37:50,250 - ERROR - Error processing history file 20250326_122500_https_speehive_com.json: Expecting value: line 1 column 422 (char 421)
2025-08-08 13:37:50,250 - ERROR - Error processing history file 20250326_122529_https_google_com.json: Expecting value: line 1 column 401 (char 400)
2025-08-08 13:37:50,283 - INFO - 127.0.0.1 - - [08/Aug/2025 13:37:50] "GET /dashboard HTTP/1.1" 200 -
2025-08-08 13:37:51,798 - INFO - 127.0.0.1 - - [08/Aug/2025 13:37:51] "GET / HTTP/1.1" 200 -
2025-08-08 14:07:07,750 - INFO - 127.0.0.1 - - [08/Aug/2025 14:07:07] "[33mGET /favicon.ico HTTP/1.1[0m" 404 -
2025-08-08 14:27:38,721 - INFO - 127.0.0.1 - - [08/Aug/2025 14:27:38] "GET / HTTP/1.1" 200 -
2025-08-08 14:27:48,269 - INFO - 127.0.0.1 - - [08/Aug/2025 14:27:48] "GET / HTTP/1.1" 200 -
2025-08-08 14:27:57,530 - INFO - 127.0.0.1 - - [08/Aug/2025 14:27:57] "[32mGET / HTTP/1.1[0m" 302 -
2025-08-08 14:27:57,560 - INFO - 127.0.0.1 - - [08/Aug/2025 14:27:57] "GET /login?next=/ HTTP/1.1" 200 -
2025-08-08 14:28:16,434 - INFO - 127.0.0.1 - - [08/Aug/2025 14:28:16] "POST /login HTTP/1.1" 200 -
2025-08-08 14:28:22,731 - INFO - 127.0.0.1 - - [08/Aug/2025 14:28:22] "[32mPOST /login HTTP/1.1[0m" 302 -
2025-08-08 14:28:22,735 - INFO - 127.0.0.1 - - [08/Aug/2025 14:28:22] "GET / HTTP/1.1" 200 -
2025-08-08 14:28:28,016 - INFO - 127.0.0.1 - - [08/Aug/2025 14:28:28] "GET /history HTTP/1.1" 200 -
2025-08-08 14:28:28,937 - ERROR - Error processing history file 20250326_122354_https_www_google_co_in_.json: Expecting value: line 1 column 430 (char 429)
2025-08-08 14:28:28,945 - ERROR - Error processing history file 20250326_122401_https_www_google_co_in.json: Expecting value: line 1 column 429 (char 428)
2025-08-08 14:28:28,952 - ERROR - Error processing history file 20250326_122500_https_speehive_com.json: Expecting value: line 1 column 422 (char 421)
2025-08-08 14:28:28,961 - ERROR - Error processing history file 20250326_122529_https_google_com.json: Expecting value: line 1 column 401 (char 400)
2025-08-08 14:28:29,947 - INFO - 127.0.0.1 - - [08/Aug/2025 14:28:29] "GET /email_analysis HTTP/1.1" 200 -
2025-08-08 14:28:29,962 - INFO - 127.0.0.1 - - [08/Aug/2025 14:28:29] "GET /dashboard HTTP/1.1" 200 -
2025-08-08 14:28:33,295 - INFO - 127.0.0.1 - - [08/Aug/2025 14:28:33] "GET / HTTP/1.1" 200 -
2025-08-08 14:28:36,714 - INFO - 127.0.0.1 - - [08/Aug/2025 14:28:36] "GET /history HTTP/1.1" 200 -
2025-08-08 14:28:37,745 - INFO - 127.0.0.1 - - [08/Aug/2025 14:28:37] "GET /batch_analysis HTTP/1.1" 200 -
2025-08-08 14:28:39,425 - ERROR - Error processing history file 20250326_122354_https_www_google_co_in_.json: Expecting value: line 1 column 430 (char 429)
2025-08-08 14:28:39,425 - ERROR - Error processing history file 20250326_122401_https_www_google_co_in.json: Expecting value: line 1 column 429 (char 428)
2025-08-08 14:28:39,426 - ERROR - Error processing history file 20250326_122500_https_speehive_com.json: Expecting value: line 1 column 422 (char 421)
2025-08-08 14:28:39,426 - ERROR - Error processing history file 20250326_122529_https_google_com.json: Expecting value: line 1 column 401 (char 400)
2025-08-08 14:28:39,454 - INFO - 127.0.0.1 - - [08/Aug/2025 14:28:39] "GET /dashboard HTTP/1.1" 200 -
2025-08-08 14:28:41,061 - INFO - 127.0.0.1 - - [08/Aug/2025 14:28:41] "GET /email_analysis HTTP/1.1" 200 -
2025-08-08 14:28:42,050 - INFO - 127.0.0.1 - - [08/Aug/2025 14:28:42] "GET /email_analysis HTTP/1.1" 200 -
2025-08-08 14:28:45,463 - INFO - 127.0.0.1 - - [08/Aug/2025 14:28:45] "GET / HTTP/1.1" 200 -
2025-08-08 14:29:38,977 - INFO - 127.0.0.1 - - [08/Aug/2025 14:29:38] "GET /email_analysis HTTP/1.1" 200 -
2025-08-08 14:29:40,666 - ERROR - Error processing history file 20250326_122354_https_www_google_co_in_.json: Expecting value: line 1 column 430 (char 429)
2025-08-08 14:29:40,666 - ERROR - Error processing history file 20250326_122401_https_www_google_co_in.json: Expecting value: line 1 column 429 (char 428)
2025-08-08 14:29:40,666 - ERROR - Error processing history file 20250326_122500_https_speehive_com.json: Expecting value: line 1 column 422 (char 421)
2025-08-08 14:29:40,667 - ERROR - Error processing history file 20250326_122529_https_google_com.json: Expecting value: line 1 column 401 (char 400)
2025-08-08 14:29:40,690 - INFO - 127.0.0.1 - - [08/Aug/2025 14:29:40] "GET /dashboard HTTP/1.1" 200 -
2025-08-08 14:29:42,348 - INFO - 127.0.0.1 - - [08/Aug/2025 14:29:42] "GET /batch_analysis HTTP/1.1" 200 -
2025-08-08 14:29:43,741 - INFO - 127.0.0.1 - - [08/Aug/2025 14:29:43] "GET /history HTTP/1.1" 200 -
2025-08-08 14:30:06,323 - INFO - 127.0.0.1 - - [08/Aug/2025 14:30:06] "GET /email_analysis HTTP/1.1" 200 -
2025-08-08 14:30:07,469 - INFO - 127.0.0.1 - - [08/Aug/2025 14:30:07] "GET /about HTTP/1.1" 200 -
2025-08-08 14:30:14,069 - INFO - 127.0.0.1 - - [08/Aug/2025 14:30:14] "GET /api/docs HTTP/1.1" 200 -
2025-08-08 14:30:15,404 - INFO - 127.0.0.1 - - [08/Aug/2025 14:30:15] "GET / HTTP/1.1" 200 -
2025-08-08 14:30:17,895 - INFO - 127.0.0.1 - - [08/Aug/2025 14:30:17] "GET /history HTTP/1.1" 200 -
2025-08-08 14:30:19,696 - INFO - 127.0.0.1 - - [08/Aug/2025 14:30:19] "GET / HTTP/1.1" 200 -
2025-08-08 14:30:21,135 - INFO - 127.0.0.1 - - [08/Aug/2025 14:30:21] "GET /history HTTP/1.1" 200 -
2025-08-08 14:30:21,533 - INFO - 127.0.0.1 - - [08/Aug/2025 14:30:21] "GET /batch_analysis HTTP/1.1" 200 -
2025-08-08 14:51:47,635 - INFO - 127.0.0.1 - - [08/Aug/2025 14:51:47] "GET / HTTP/1.1" 200 -
2025-08-08 14:51:49,090 - INFO - 127.0.0.1 - - [08/Aug/2025 14:51:49] "GET / HTTP/1.1" 200 -
2025-08-08 15:04:51,353 - INFO -  * Detected change in 'C:\\Users\\SanthoshKumarJP\\Phishingdetector\\Phishingdetector\\main.py', reloading
2025-08-08 15:04:51,549 - INFO -  * Restarting with stat
2025-08-08 15:04:53,661 - WARNING -  * Debugger is active!
2025-08-08 15:04:53,665 - INFO -  * Debugger PIN: 928-245-357
2025-08-08 15:35:43,464 - INFO - 127.0.0.1 - - [08/Aug/2025 15:35:43] "GET / HTTP/1.1" 200 -
2025-08-08 15:35:45,754 - INFO - 127.0.0.1 - - [08/Aug/2025 15:35:45] "GET / HTTP/1.1" 200 -
2025-08-08 15:35:52,549 - INFO - 127.0.0.1 - - [08/Aug/2025 15:35:52] "GET / HTTP/1.1" 200 -
2025-08-08 15:36:03,560 - INFO - 127.0.0.1 - - [08/Aug/2025 15:36:03] "[32mGET / HTTP/1.1[0m" 302 -
2025-08-08 15:36:03,828 - INFO - 127.0.0.1 - - [08/Aug/2025 15:36:03] "GET /login?next=/ HTTP/1.1" 200 -
2025-08-08 15:36:04,141 - INFO - 127.0.0.1 - - [08/Aug/2025 15:36:04] "[33mGET /favicon.ico HTTP/1.1[0m" 404 -
2025-08-08 15:36:12,537 - INFO - 127.0.0.1 - - [08/Aug/2025 15:36:12] "[32mPOST /login HTTP/1.1[0m" 302 -
2025-08-08 15:36:12,689 - INFO - 127.0.0.1 - - [08/Aug/2025 15:36:12] "GET / HTTP/1.1" 200 -
2025-08-08 15:36:16,257 - INFO - 127.0.0.1 - - [08/Aug/2025 15:36:16] "GET /history HTTP/1.1" 200 -
2025-08-08 15:36:17,750 - INFO - 127.0.0.1 - - [08/Aug/2025 15:36:17] "GET /batch_analysis HTTP/1.1" 200 -
2025-08-08 15:36:18,566 - INFO - 127.0.0.1 - - [08/Aug/2025 15:36:18] "GET /history HTTP/1.1" 200 -
2025-08-08 15:36:19,440 - INFO - 127.0.0.1 - - [08/Aug/2025 15:36:19] "GET / HTTP/1.1" 200 -
2025-08-08 15:36:21,954 - INFO - 127.0.0.1 - - [08/Aug/2025 15:36:21] "GET / HTTP/1.1" 200 -
2025-08-08 15:36:52,683 - INFO - 127.0.0.1 - - [08/Aug/2025 15:36:52] "GET /history HTTP/1.1" 200 -
2025-08-08 15:36:53,462 - INFO - 127.0.0.1 - - [08/Aug/2025 15:36:53] "GET / HTTP/1.1" 200 -
2025-08-08 15:48:56,683 - INFO - 127.0.0.1 - - [08/Aug/2025 15:48:56] "GET / HTTP/1.1" 200 -
2025-08-08 15:49:00,137 - INFO - 127.0.0.1 - - [08/Aug/2025 15:49:00] "GET /history HTTP/1.1" 200 -
2025-08-08 15:49:01,849 - INFO - 127.0.0.1 - - [08/Aug/2025 15:49:01] "GET / HTTP/1.1" 200 -
2025-08-08 15:50:43,366 - INFO - 127.0.0.1 - - [08/Aug/2025 15:50:43] "GET / HTTP/1.1" 200 -
2025-08-08 15:50:47,657 - INFO - 127.0.0.1 - - [08/Aug/2025 15:50:47] "GET /history HTTP/1.1" 200 -
2025-08-08 15:54:46,921 - INFO - 127.0.0.1 - - [08/Aug/2025 15:54:46] "GET /batch_analysis HTTP/1.1" 200 -
2025-08-08 15:56:19,915 - INFO - [31m[1mWARNING: This is a development server. Do not use it in a production deployment. Use a production WSGI server instead.[0m
 * Running on all addresses (0.0.0.0)
 * Running on http://127.0.0.1:8080
 * Running on http://172.16.50.35:8080
2025-08-08 15:56:19,916 - INFO - [33mPress CTRL+C to quit[0m
2025-08-08 15:56:19,918 - INFO -  * Restarting with stat
2025-08-08 15:56:22,845 - WARNING -  * Debugger is active!
2025-08-08 15:56:22,849 - INFO -  * Debugger PIN: 928-245-357
