=========================================
STARTING SPEEDEFENDER ON PORT 5001
=========================================
✅ Port 5001 is available
To access the application, use port 5001
For example: http://localhost:5001/
=========================================
SpeeDefender v1.0
A comprehensive phishing detection platform
=========================================
 * Serving Flask app 'standalone_server'
 * Debug mode: on
2025-04-07 05:46:04,602 - INFO - [31m[1mWARNING: This is a development server. Do not use it in a production deployment. Use a production WSGI server instead.[0m
 * Running on all addresses (0.0.0.0)
 * Running on http://127.0.0.1:5001
 * Running on http://172.31.128.37:5001
2025-04-07 05:46:04,603 - INFO - [33mPress CTRL+C to quit[0m
2025-04-07 05:46:04,604 - INFO -  * Restarting with stat
=========================================
STARTING SPEEDEFENDER ON PORT 5001
=========================================
ERROR: Port 5001 is already in use!
Please stop any services using this port first.
Alternatively, you can modify this script to use a different port.
